number,value,datetime_start,datetime_complete,duration,params_PENALTY_STAGNATION,params_REWARD_DISTANCE_COEFF,params_REWARD_SURVIVAL,params_ent_coef,params_lr,state
107,129.5,2026-02-03 15:51:33.541326,2026-02-03 15:54:08.651146,0 days 00:02:35.109820,-0.5813356164414603,0.14349261004603697,0.47567005662342443,0.0004602442444918531,0.00013651725537759272,COMPLETE
108,144.35,2026-02-03 15:54:08.654414,2026-02-03 15:56:42.961249,0 days 00:02:34.306835,-0.45551849750054585,0.12760709348636143,0.4571877195857158,0.0007814383479769864,0.00014492961581747085,COMPLETE
109,130.55,2026-02-03 18:23:06.811247,2026-02-03 18:25:30.829194,0 days 00:02:24.017947,-0.5425954908610677,0.14152207666148942,0.4677635229452614,0.0008908593302937031,9.419233964050994e-05,COMPLETE
110,157.7,2026-02-03 18:25:30.834010,2026-02-03 18:27:50.839500,0 days 00:02:20.005490,-0.6015063955563464,0.13970088749589527,0.4636030360920364,0.0005124836747533011,0.00010064887040347949,COMPLETE
111,105.6,2026-02-03 18:27:50.842947,2026-02-03 18:30:13.980647,0 days 00:02:23.137700,-0.10205512713055137,0.14057028925489046,0.47302175569923677,0.0005511647974486774,9.707426681518847e-05,COMPLETE
112,112.4,2026-02-03 18:30:13.984312,2026-02-03 18:32:36.436875,0 days 00:02:22.452563,-0.33810516563653725,0.13336258846694113,0.4257420413048463,0.0009631377920721011,0.00010065789328986055,COMPLETE
113,119.75,2026-02-03 18:32:36.440516,2026-02-03 18:35:15.639558,0 days 00:02:39.199042,-0.6197245760444373,0.13195499889631074,0.4630885782953958,0.0009627428604468616,9.569674776581301e-05,COMPLETE
114,138.45,2026-02-03 18:35:15.643478,2026-02-03 18:37:53.505296,0 days 00:02:37.861818,-0.5555366309738882,0.13816257411192218,0.46876327346184365,0.0009310426114534746,0.00014179158386044843,COMPLETE
115,162.65,2026-02-03 18:37:53.509324,2026-02-03 18:40:26.877791,0 days 00:02:33.368467,-0.21996609105169926,0.13722915725780388,0.47261666286255793,0.0008377084818744954,9.301115798170268e-05,COMPLETE
116,120.6,2026-02-03 18:40:26.882006,2026-02-03 18:42:54.226857,0 days 00:02:27.344851,-0.6740596013377715,0.13920783291555872,0.4662762557505445,0.0004789423086768962,0.00012759903391634095,COMPLETE
117,129.14999999999998,2026-02-03 18:42:54.231112,2026-02-03 18:45:22.769122,0 days 00:02:28.538010,-0.5868526046167416,0.13609513881432012,0.41791361370949487,0.0009828683907020903,9.86960880489691e-05,COMPLETE
118,107.65,2026-02-03 18:45:22.773705,2026-02-03 18:47:50.791488,0 days 00:02:28.017783,-0.5693626479498219,0.13851669678435904,0.4759838513088771,0.0009185909560313423,0.0001205032524201153,COMPLETE
119,141.60000000000002,2026-02-03 18:47:50.795313,2026-02-03 18:50:19.123656,0 days 00:02:28.328343,-0.6365717985273397,0.14030792401545608,0.47945161894811517,0.0008805533196147037,0.00011000199399611509,COMPLETE
120,157.8,2026-02-03 18:50:19.127399,2026-02-03 18:52:46.323756,0 days 00:02:27.196357,-0.5089297937603913,0.14275941285447,0.41187123985304597,0.0009092308130352307,0.0001473947718806679,COMPLETE
121,111.4,2026-02-03 18:52:46.327541,2026-02-03 18:55:13.465265,0 days 00:02:27.137724,-0.6496599795829887,0.13213180438958327,0.46298495454203664,0.0005741428521670375,9.245565235219362e-05,COMPLETE
122,155.89999999999998,2026-02-03 18:55:13.469231,2026-02-03 18:57:43.365942,0 days 00:02:29.896711,-0.571802139665836,0.14535174169100917,0.468860335573603,0.0009409466699255394,0.0001124292078872168,COMPLETE
123,121.1,2026-02-03 18:57:43.369791,2026-02-03 19:00:17.188910,0 days 00:02:33.819119,-0.5407830171946498,0.1475281489607414,0.4625039865395484,0.000965552129632383,0.0001067954663267135,COMPLETE
124,177.2,2026-02-03 19:00:17.192503,2026-02-03 19:02:50.659880,0 days 00:02:33.467377,-0.5938149144266589,0.1455566643997544,0.4329189687807409,0.0008567812025599313,9.913385146155292e-05,COMPLETE
125,166.55,2026-02-03 19:02:50.664078,2026-02-03 19:05:26.362924,0 days 00:02:35.698846,-0.5893956198749527,0.14357734923290166,0.44717571013212387,0.0008275094436948664,9.966366314303184e-05,COMPLETE
126,133.25,2026-02-03 19:05:26.366848,2026-02-03 19:08:01.533883,0 days 00:02:35.167035,-0.5978592255584009,0.14394614417548002,0.44603525869301835,0.0008318392020427001,0.00010093266089013322,COMPLETE
127,127.45,2026-02-03 19:08:01.537179,2026-02-03 19:10:28.499308,0 days 00:02:26.962129,-0.5237935813409227,0.1416926583497948,0.45208577374499503,0.0008604484531650902,9.835628326330332e-05,COMPLETE
128,158.5,2026-02-03 19:10:28.503104,2026-02-03 19:12:58.441713,0 days 00:02:29.938609,-0.5593967106251319,0.1449463566860036,0.447685069939247,0.000763717830030174,9.665507527377235e-05,COMPLETE
129,125.8,2026-02-03 19:12:58.444910,2026-02-03 19:15:29.495653,0 days 00:02:31.050743,-0.6178724254185087,0.14333308447528376,0.45705562206606376,0.0008185511402116804,0.00010817140145263365,COMPLETE
130,149.45,2026-02-03 19:15:29.499231,2026-02-03 19:18:02.179797,0 days 00:02:32.680566,-0.15918760946907523,0.14614016211720754,0.4345537925758091,0.0008020769077048868,9.938991250069437e-05,COMPLETE
131,157.05,2026-02-03 19:18:02.183145,2026-02-03 19:20:33.803909,0 days 00:02:31.620764,-0.5837798250857015,0.14717794450311156,0.43938465385617015,0.0008720123833607786,0.0001394754017401785,COMPLETE
132,93.75,2026-02-03 19:20:33.808161,2026-02-03 19:23:01.308251,0 days 00:02:27.500090,-0.6280042210942638,0.13141110122630406,0.44217038237702566,0.0008943931891456895,0.00010195841932078171,COMPLETE
133,143.4,2026-02-03 19:23:01.311956,2026-02-03 19:25:30.929215,0 days 00:02:29.617259,-0.5929498335249731,0.13313665159703872,0.43134985156256317,0.0008537134613550144,0.00011398737317068987,COMPLETE
134,156.39999999999998,2026-02-03 19:25:30.932769,2026-02-03 19:28:15.156859,0 days 00:02:44.224090,-0.6080789211687035,0.1341139058149067,0.4716629118152466,0.000362898069906395,0.00011644343527758453,COMPLETE
135,148.4,2026-02-03 19:28:15.161412,2026-02-03 19:31:27.474728,0 days 00:03:12.313316,-0.6988971046620516,0.1481586746806476,0.4485669129544272,0.0005432265908666508,0.00012275727426250973,COMPLETE
136,82.19999999999999,2026-02-03 19:31:27.478479,2026-02-03 19:35:13.696134,0 days 00:03:46.217655,-0.5510082607250486,0.13670867204652462,0.42336133743256277,0.0009230500757891345,0.00012932216787460223,COMPLETE
137,110.44999999999999,2026-02-03 19:35:13.700736,2026-02-03 19:38:57.559352,0 days 00:03:43.858616,-0.4954752981646592,0.13555862314836647,0.46572314277379023,0.0008810157036703225,9.745112797253097e-05,COMPLETE
138,170.35,2026-02-03 19:38:57.565081,2026-02-03 19:42:06.241324,0 days 00:03:08.676243,-0.6614987867655917,0.14556017867238713,0.47030247877447223,0.0007947157402584628,0.00014345082745537371,COMPLETE
139,128.1,2026-02-03 19:42:06.245366,2026-02-03 19:45:03.228599,0 days 00:02:56.983233,-0.7361854948843075,0.14558857160350763,0.47438837969116066,0.0006918413313714828,0.00014284212564887128,COMPLETE
140,106.35,2026-02-03 19:45:03.233416,2026-02-03 19:48:10.299020,0 days 00:03:07.065604,-0.5723665478550559,0.14415260912843522,0.46988660692550266,0.0007753326795356685,0.00014773471484788445,COMPLETE
141,122.5,2026-02-03 19:48:10.303308,2026-02-03 19:51:30.295608,0 days 00:03:19.992300,-0.5372566465158491,0.1427863584242125,0.47689213125912117,0.0006048514940354293,0.0001364753351014324,COMPLETE
142,125.19999999999999,2026-02-03 19:51:30.301740,2026-02-03 19:54:55.687140,0 days 00:03:25.385400,-0.6523997381148241,0.14684402070785668,0.43553005539758893,0.0005008609277346245,0.00014464067507398415,COMPLETE
143,178.1,2026-02-03 19:54:55.691090,2026-02-03 19:58:00.611845,0 days 00:03:04.920755,-0.6230657392184704,0.141119242699312,0.4679139207564504,0.0008410745650370838,9.378338068697437e-05,COMPLETE
144,115.35,2026-02-03 19:58:00.616118,2026-02-03 20:01:16.044557,0 days 00:03:15.428439,-0.6306057572793096,0.14124288828523315,0.46731380658913646,0.0007982584503384601,0.00010410199577283731,COMPLETE
145,139.75,2026-02-03 20:01:16.048629,2026-02-03 20:04:34.847077,0 days 00:03:18.798448,-0.602408884260204,0.13995453607656516,0.472604980008137,0.0008558471143143388,9.574393174928074e-05,COMPLETE
146,122.55,2026-02-03 20:04:34.852480,2026-02-03 20:07:53.199039,0 days 00:03:18.346559,-0.5852118035893313,0.14028549683296054,0.46456956385553594,0.0008268836243799648,0.00014557767929977407,COMPLETE
147,169.85000000000002,2026-02-03 20:07:53.203720,2026-02-03 20:11:29.197456,0 days 00:03:35.993736,-0.613069171836242,0.13919940137093306,0.469107538929739,0.0007284829957720497,0.0001025151481691132,COMPLETE
148,136.4,2026-02-03 20:11:29.203277,2026-02-03 20:14:48.081145,0 days 00:03:18.877868,-0.6183725468533366,0.13919347712069824,0.4692475343002047,0.0006426124742994475,9.228281565938892e-05,COMPLETE
149,147.75,2026-02-03 20:14:48.086543,2026-02-03 20:18:07.646475,0 days 00:03:19.559932,-0.3124299959875553,0.13867394768578736,0.4738673106651674,0.0007244049085479633,0.0001015688682910436,COMPLETE
150,90.65,2026-02-03 20:18:07.650894,2026-02-03 20:21:30.975963,0 days 00:03:23.325069,-0.6596621474658939,0.13934336937825828,0.4803438308517177,0.0007404714462303526,0.00014753262118495482,COMPLETE
151,136.25,2026-02-03 20:21:30.979543,2026-02-03 20:24:45.420625,0 days 00:03:14.441082,-0.5556245464055604,0.14096944916400517,0.4712195719308657,0.0007641495344113242,0.00010219354458847737,COMPLETE
152,117.69999999999999,2026-02-03 20:24:45.424085,2026-02-03 20:27:14.586616,0 days 00:02:29.162531,-0.5964850588125942,0.1418563083240284,0.4692707556871385,0.0007957252219404353,9.802755535545425e-05,COMPLETE
153,113.1,2026-02-03 20:27:14.590970,2026-02-03 20:29:46.829501,0 days 00:02:32.238531,-0.6410923513410268,0.13970692059648562,0.46746147932278215,0.0008238258259179905,0.00010019616758763115,COMPLETE
154,115.6,2026-02-03 20:29:46.833158,2026-02-03 20:32:51.780307,0 days 00:03:04.947149,-0.5768475291433457,0.14456032978051814,0.4647409055689139,0.0008487424920514434,0.00010469397170661015,COMPLETE
155,130.14999999999998,2026-02-03 20:32:51.785181,2026-02-03 20:36:35.210668,0 days 00:03:43.425487,-0.7605974263226206,0.1432460343993113,0.4962152344903903,0.0008994643013418599,9.992640618671097e-05,COMPLETE
156,90.2,2026-02-03 20:36:35.217045,2026-02-03 20:40:25.684671,0 days 00:03:50.467626,-0.6097408691921741,0.145568831874956,0.4712268112653009,0.00043953347959705275,9.917481975770197e-05,COMPLETE
157,122.55,2026-02-03 20:40:25.690296,2026-02-03 20:44:03.717657,0 days 00:03:38.027361,-0.5627560935176473,0.14019016790494418,0.4776883038464925,0.0005200234299223927,0.00013244721314361363,COMPLETE
158,128.85000000000002,2026-02-03 20:44:03.722635,2026-02-03 20:47:25.044045,0 days 00:03:21.321410,-0.5897514328396384,0.1372111286187352,0.4662015864789094,0.0008195408763406748,9.411678131059422e-05,COMPLETE
159,-inf,2026-02-04 16:49:08.369736,2026-02-04 16:49:14.669286,0 days 00:00:06.299550,-0.5197707262423887,0.1480124246375077,0.45780812507924373,0.0007878165308972582,0.00013773326783463827,COMPLETE
160,118.6,2026-02-04 21:05:16.547403,2026-02-04 21:07:22.419246,0 days 00:02:05.871843,-0.43838680437568894,0.0009802044997374582,0.550805829074914,0.0010463677741898174,0.0001406360984158941,COMPLETE
