number,value,datetime_start,datetime_complete,duration,params_PENALTY_STAGNATION,params_REWARD_SURVIVAL,params_ent_coef,params_lr,state
0,119.77999999999997,2026-02-06 00:12:17.073150,2026-02-06 00:14:02.453943,0 days 00:01:45.380793,-0.5470263338056238,4.977923862350321,8.567007349346272e-05,0.00011585609387108332,COMPLETE
1,108.4,2026-02-06 00:14:02.459317,2026-02-06 00:15:38.883970,0 days 00:01:36.424653,-0.3009317974669574,1.265635171036183,0.00010530099527656712,8.96760638479109e-05,COMPLETE
2,105.12,2026-02-06 00:15:38.887099,2026-02-06 00:17:15.670104,0 days 00:01:36.783005,-1.6237516994306662,4.7241310078197385,0.0009028553132348087,0.00045036000782467485,COMPLETE
3,107.22,2026-02-06 00:17:15.673446,2026-02-06 00:18:52.684503,0 days 00:01:37.011057,-1.6168599522410132,0.6813682122679292,0.0005554065839643646,3.0098685321946533e-05,COMPLETE
4,91.12,2026-02-06 00:18:52.687822,2026-02-06 00:20:30.791173,0 days 00:01:38.103351,-1.9488206521712699,0.6692536208298214,0.004314559129986096,3.960464651840841e-05,COMPLETE
5,117.66,2026-02-06 00:20:30.794440,2026-02-06 00:22:05.238814,0 days 00:01:34.444374,-0.11217060525287348,1.9708338005730581,0.0011003215596686827,3.412396017669875e-05,COMPLETE
6,120.83999999999999,2026-02-06 00:22:05.242293,2026-02-06 00:23:39.435797,0 days 00:01:34.193504,-1.881897699880467,1.778597940279068,0.004059104406749193,2.9276470607391505e-05,COMPLETE
7,115.92,2026-02-06 00:23:39.439679,2026-02-06 00:25:15.451179,0 days 00:01:36.011500,-0.8023096695803629,2.474314829740934,0.00010523266543663271,0.00033911641710493835,COMPLETE
8,129.83999999999997,2026-02-06 00:25:15.454553,2026-02-06 00:26:54.471463,0 days 00:01:39.016910,-1.8562540534953194,3.4137024323424496,0.002080308776566201,0.00023270129980717324,COMPLETE
9,129.61999999999998,2026-02-06 00:26:54.475533,2026-02-06 00:28:30.184101,0 days 00:01:35.708568,-0.47911403144910714,4.3832041944053675,0.007228025965301249,0.00021578142019272104,COMPLETE
10,103.66,2026-02-06 00:28:30.187388,2026-02-06 00:30:06.272654,0 days 00:01:36.085266,-1.2421314977041842,3.4562852624768636,1.8067908257272494e-05,0.0009933676181724542,COMPLETE
11,94.52000000000001,2026-02-06 00:30:06.275788,2026-02-06 00:31:39.439952,0 days 00:01:33.164164,-1.072372968901334,3.7934927818779878,0.00839181158597732,0.0001791696255764167,COMPLETE
12,96.42,2026-02-06 00:31:39.443114,2026-02-06 00:33:12.161226,0 days 00:01:32.718112,-0.7146835340378763,3.7711648190078466,0.002187403943888508,1.1787572272081618e-05,COMPLETE
13,106.02000000000001,2026-02-06 00:33:12.164333,2026-02-06 00:34:44.914243,0 days 00:01:32.749910,-0.43691105229697397,3.098102761932508,0.009177573173672862,0.00027673482520965766,COMPLETE
14,114.42,2026-02-06 00:34:44.917526,2026-02-06 00:36:16.988952,0 days 00:01:32.071426,-1.2637640324222756,4.343217921490024,0.0020557242674746866,0.0006852410537023412,COMPLETE
15,117.12,2026-02-06 00:36:16.992354,2026-02-06 00:37:48.949104,0 days 00:01:31.956750,-0.11574228067059728,2.8848691859138595,0.0003434891598503273,9.243711355088747e-05,COMPLETE
16,107.02000000000001,2026-02-06 00:37:48.952323,2026-02-06 00:39:21.739789,0 days 00:01:32.787466,-0.9409586740800264,4.107434529433591,0.002619235508721427,0.00018909304495745398,COMPLETE
17,116.08000000000001,2026-02-06 00:39:21.742857,2026-02-06 00:40:53.711229,0 days 00:01:31.968372,-1.5214687860458103,4.4693006811476454,0.009368984421091455,0.00019513653831634272,COMPLETE
18,97.62,2026-02-06 00:40:53.714317,2026-02-06 00:42:26.584289,0 days 00:01:32.869972,-0.6081371252809883,3.2974210457225706,0.0011650144874555163,6.567108404742748e-05,COMPLETE
19,99.8,2026-02-06 00:42:26.587289,2026-02-06 00:43:59.106701,0 days 00:01:32.519412,-0.3433131025470577,2.6123523514899736,0.00022050046752551856,0.0005137465576525858,COMPLETE
20,109.6,2026-02-06 00:43:59.109757,2026-02-06 00:45:31.594216,0 days 00:01:32.484459,-1.4309149877404108,4.0138399321702565,0.004112878480813904,0.0003033616442695496,COMPLETE
21,114.85999999999999,2026-02-06 00:45:31.597383,2026-02-06 00:47:03.917742,0 days 00:01:32.320359,-1.8963061401242391,1.8368369341011668,0.004609222079240037,1.2487119216997354e-05,COMPLETE
22,120.56000000000002,2026-02-06 00:47:03.920934,2026-02-06 00:48:36.256266,0 days 00:01:32.335332,-1.780741028868455,2.0652944869811067,0.004047789799200417,2.266870750451978e-05,COMPLETE
23,114.64000000000001,2026-02-06 00:48:36.259447,2026-02-06 00:50:09.399611,0 days 00:01:33.140164,-1.786079465881675,1.0986010344935198,0.001688946216597099,5.0512790435785835e-05,COMPLETE
24,115.25999999999999,2026-02-06 00:50:09.402767,2026-02-06 00:51:41.445339,0 days 00:01:32.042572,-1.3392428732258024,1.5212389473668821,0.005929665699766329,0.00013000366203367,COMPLETE
25,118.58000000000001,2026-02-06 00:51:41.448621,2026-02-06 00:53:13.936065,0 days 00:01:32.487444,-1.996019468345369,2.3001771379452727,0.0005252900697169187,1.900901887036213e-05,COMPLETE
26,100.42,2026-02-06 00:53:13.939018,2026-02-06 00:54:46.167750,0 days 00:01:32.228732,-1.7272560542477922,3.43428273497064,0.0027584261457910004,7.45516639465812e-05,COMPLETE
27,114.5,2026-02-06 00:54:46.170665,2026-02-06 00:56:19.024032,0 days 00:01:32.853367,-1.1278962680111033,0.32398129668476283,2.0049112040233865e-05,0.00014114441618092466,COMPLETE
28,129.82,2026-02-06 00:56:19.027424,2026-02-06 00:57:51.795609,0 days 00:01:32.768185,-1.4632584402758677,3.0582132027071287,0.00143147511220087,0.0002437777414249081,COMPLETE
29,110.3,2026-02-06 00:57:51.798540,2026-02-06 00:59:24.419852,0 days 00:01:32.621312,-0.990627326805233,4.876134703529529,3.970937638890769e-05,0.00026291831342753925,COMPLETE
30,124.02000000000001,2026-02-06 00:59:24.423294,2026-02-06 01:00:56.468521,0 days 00:01:32.045227,-1.4852392470828946,2.800042602135624,0.0012863087528168842,0.00045384979685831597,COMPLETE
31,126.04,2026-02-06 01:00:56.471856,2026-02-06 01:02:35.848926,0 days 00:01:39.377070,-1.488932538101568,2.739239046365686,0.0007004899299568474,0.0004260668407911836,COMPLETE
32,105.78,2026-02-06 01:02:35.851964,2026-02-06 01:04:08.865300,0 days 00:01:33.013336,-1.5919625616619826,3.031906279484346,0.0007006502985796476,0.00023030683518532734,COMPLETE
33,108.88,2026-02-06 01:04:08.868942,2026-02-06 01:05:40.797546,0 days 00:01:31.928604,-1.37296765548022,3.668233106011983,0.0002715697989853366,0.000375335210887837,COMPLETE
34,143.5,2026-02-06 01:05:40.801178,2026-02-06 01:07:12.826474,0 days 00:01:32.025296,-1.687335004832327,4.482972138576428,0.00016325977982679745,0.0007446464232232789,COMPLETE
35,98.49999999999999,2026-02-06 01:07:12.830122,2026-02-06 01:08:44.863867,0 days 00:01:32.033745,-1.6630074579981917,4.55413231541792,0.000189292047667966,0.000610877611227901,COMPLETE
36,114.13999999999999,2026-02-06 01:08:44.867325,2026-02-06 01:10:17.443196,0 days 00:01:32.575871,-1.8234524613281626,4.949138132947987,5.6065782672592616e-05,0.0009320825278243284,COMPLETE
37,117.62,2026-02-06 01:10:17.446091,2026-02-06 01:11:49.705096,0 days 00:01:32.259005,-1.6625852973988267,4.192784176899093,0.00013232515708147546,0.00011609539582431429,COMPLETE
38,110.24000000000001,2026-02-06 01:11:49.708475,2026-02-06 01:13:22.408461,0 days 00:01:32.699986,-0.8273431241326785,4.666197897570781,0.00142165504138854,0.0006913126071799438,COMPLETE
39,136.62,2026-02-06 01:13:22.411885,2026-02-06 01:14:54.716140,0 days 00:01:32.304255,-0.016572257217850495,3.964185401338397,0.000419447853014796,0.00015396947184458153,COMPLETE
40,94.72,2026-02-06 01:14:54.719618,2026-02-06 01:16:27.112338,0 days 00:01:32.392720,-1.187971392853294,3.986525335083347,0.000452116335477836,0.00014853018009974655,COMPLETE
41,111.46,2026-02-06 01:16:27.115832,2026-02-06 01:18:02.290546,0 days 00:01:35.174714,-0.012441727100650616,3.6275168470635557,0.00015761985477855215,0.00022567308786116492,COMPLETE
42,118.46,2026-02-06 01:18:02.293827,2026-02-06 01:19:37.904092,0 days 00:01:35.610265,-0.2855380146253802,3.2961126994894627,7.52107503835407e-05,0.00015733847838950073,COMPLETE
43,105.88,2026-02-06 01:19:37.907340,2026-02-06 01:21:12.952495,0 days 00:01:35.045155,-0.5076500640666818,4.431235570813854,0.00034533087317821363,0.00011173709944379672,COMPLETE
44,123.56000000000002,2026-02-06 01:21:12.955767,2026-02-06 01:22:47.840579,0 days 00:01:34.884812,-0.18706185505891212,3.9180425353912414,0.0009671762125690309,0.0003167354604597733,COMPLETE
45,120.6,2026-02-06 01:22:47.843817,2026-02-06 01:24:23.379837,0 days 00:01:35.536020,-0.002940878139768177,4.184073853268333,0.006380239388582735,0.0002369566166897218,COMPLETE
46,96.52000000000001,2026-02-06 01:24:23.383100,2026-02-06 01:25:58.945850,0 days 00:01:35.562750,-0.6068891079554781,3.522356286140965,0.0030076453578035903,7.989742413610907e-05,COMPLETE
47,113.3,2026-02-06 01:25:58.949152,2026-02-06 01:27:34.851103,0 days 00:01:35.901951,-0.38751075771702886,4.7369460344234025,0.000680741153802959,0.000369114656768938,COMPLETE
48,123.41999999999999,2026-02-06 01:27:34.854362,2026-02-06 01:29:12.096752,0 days 00:01:37.242390,-0.26401943746839274,4.249154101031559,0.0004186995527368765,0.00017288666813348538,COMPLETE
49,119.35999999999999,2026-02-06 01:29:12.099992,2026-02-06 01:30:45.545952,0 days 00:01:33.445960,-1.8936348352842804,3.2344718232805154,0.0019001664701275931,6.04652456896364e-05,COMPLETE
50,120.5,2026-02-06 07:41:37.315659,2026-02-06 07:43:12.698838,0 days 00:01:35.383179,-0.8774930039807944,3.8254042482298107,9.925817909805817e-05,0.0005595563048874221,COMPLETE
51,113.24000000000001,2026-02-06 07:43:12.703999,2026-02-06 07:44:41.274388,0 days 00:01:28.570389,-1.5769706495920983,2.671235269815287,0.0007814115808445596,0.0008887259039200019,COMPLETE
52,111.75999999999999,2026-02-06 07:44:41.277706,2026-02-06 07:46:09.577067,0 days 00:01:28.299361,-1.726347276693597,2.980696671396344,0.0002772493361945152,0.000423103529091508,COMPLETE
53,113.4,2026-02-06 07:46:09.580310,2026-02-06 07:47:40.063379,0 days 00:01:30.483069,-1.5197693660199192,2.4539889662417833,0.0009633973874936496,0.0007790524399654167,COMPLETE
54,117.03999999999999,2026-02-06 07:47:40.066592,2026-02-06 07:49:09.115232,0 days 00:01:29.048640,-1.2826643938255615,3.162167840864748,0.001501880956025104,0.00044124895890243634,COMPLETE
55,101.0,2026-02-06 07:49:09.118470,2026-02-06 07:50:37.086042,0 days 00:01:27.967572,-0.471356546728548,2.8023947508604587,0.0006438687883286536,0.00019105984722264202,COMPLETE
56,117.97999999999999,2026-02-06 07:50:37.089185,2026-02-06 07:52:07.125534,0 days 00:01:30.036349,-1.4176187954567439,2.286958973861899,0.0022526831037063483,0.0003008241635542437,COMPLETE
57,102.64000000000001,2026-02-06 07:52:07.128742,2026-02-06 07:53:35.177328,0 days 00:01:28.048586,-0.6985364925877164,3.4347139720220343,0.003298688242995463,0.0005100385021971874,COMPLETE
58,143.01999999999998,2026-02-06 07:53:35.180405,2026-02-06 07:55:05.101691,0 days 00:01:29.921286,-1.8366253289302246,4.364820649671371,0.00044559621453739185,0.00021047958184952447,COMPLETE
59,109.46000000000001,2026-02-06 07:55:05.105002,2026-02-06 07:56:33.799724,0 days 00:01:28.694722,-1.8463239579229158,4.413673877686832,0.006864678682954863,9.360056577880676e-05,COMPLETE
60,115.31999999999998,2026-02-06 07:56:33.802807,2026-02-06 07:58:02.470319,0 days 00:01:28.667512,-1.9602152285357621,4.781233085232342,0.00021194572489265608,0.0002533154189059051,COMPLETE
61,110.12,2026-02-06 07:58:02.473405,2026-02-06 07:59:31.528305,0 days 00:01:29.054900,-1.7233889184971645,4.0025650532424155,0.0005405518050798065,0.00036232668108127753,COMPLETE
62,117.55999999999999,2026-02-06 07:59:31.531302,2026-02-06 08:01:06.287909,0 days 00:01:34.756607,-1.9218328288466342,4.620539958451805,0.00033347045236659415,0.00020988110076870388,COMPLETE
63,111.5,2026-02-06 08:01:06.290896,2026-02-06 08:02:35.598264,0 days 00:01:29.307368,-1.6293790177959795,3.765176844792025,0.0011343519478496933,0.00016651888587246118,COMPLETE
64,109.5,2026-02-06 08:02:35.601427,2026-02-06 08:04:05.373146,0 days 00:01:29.771719,-1.5552410377361305,4.317037396632905,0.000427567059776293,0.00012381332358595882,COMPLETE
65,123.46,2026-02-06 08:04:05.376503,2026-02-06 08:05:34.773356,0 days 00:01:29.396853,-1.7887169359080393,4.489717924977222,0.005070285087689194,0.00027995227776395857,COMPLETE
66,130.1,2026-02-06 08:05:34.776518,2026-02-06 08:07:04.189905,0 days 00:01:29.413387,-1.691210105725945,4.126987541372539,0.0002617201894777948,0.0002052455553921574,COMPLETE
67,112.72,2026-02-06 08:07:04.193137,2026-02-06 08:08:33.965598,0 days 00:01:29.772461,-1.7020735825261868,4.1160087371491745,0.00025948026027626335,0.00013672800472860162,COMPLETE
68,107.35999999999999,2026-02-06 08:08:33.968927,2026-02-06 08:10:03.451067,0 days 00:01:29.482140,-1.817583210130146,3.6044297799474263,0.00013200270943131194,0.00010480686933005748,COMPLETE
69,115.74000000000001,2026-02-06 08:10:03.454140,2026-02-06 08:11:33.347680,0 days 00:01:29.893540,-1.9803089448879876,3.845692033728072,0.00019205422009956023,0.00020689815949387607,COMPLETE
70,121.44000000000001,2026-02-06 08:11:33.350879,2026-02-06 08:13:03.439605,0 days 00:01:30.088726,-0.10238089803252254,4.329479170030093,0.0001521684238329573,0.00018420935391872986,COMPLETE
71,104.08,2026-02-06 08:13:03.442880,2026-02-06 08:14:33.909882,0 days 00:01:30.467002,-1.4713401984870473,4.086653910949936,0.000832180479132871,0.00026529325478005957,COMPLETE
72,104.17999999999999,2026-02-06 08:14:33.913248,2026-02-06 08:16:04.266563,0 days 00:01:30.353315,-1.0969417212263841,2.9062925618230535,0.0004281071951752639,0.0001517311504434345,COMPLETE
73,110.7,2026-02-06 08:16:04.269992,2026-02-06 08:17:34.473126,0 days 00:01:30.203134,-1.647585540631747,3.3677449308079748,0.000562687892016674,0.0003254327043652439,COMPLETE
74,125.16,2026-02-06 08:17:34.476339,2026-02-06 08:19:05.116623,0 days 00:01:30.640284,-1.7436420988039907,4.963859642123655,0.0003716194153616519,0.00022065582731813354,COMPLETE
75,103.47999999999999,2026-02-06 08:19:05.119857,2026-02-06 08:20:35.426898,0 days 00:01:30.307041,-1.875886858495946,3.7357568853954715,1.0256088443165075e-05,0.0007069510948796424,COMPLETE
76,119.85999999999999,2026-02-06 08:20:35.430284,2026-02-06 08:22:05.616243,0 days 00:01:30.185959,-1.3318263346847607,4.595577543104947,0.00026998874090208044,0.0002908320829704053,COMPLETE
77,104.44000000000001,2026-02-06 08:22:05.619575,2026-02-06 08:23:36.530733,0 days 00:01:30.911158,-1.4613813434667926,3.147718650432427,0.0016421447877755034,0.0004031999648751971,COMPLETE
78,129.42000000000002,2026-02-06 08:23:36.533788,2026-02-06 08:25:06.729682,0 days 00:01:30.195894,-1.016379246095185,3.9267333071865433,0.008240833104959428,0.0005193821378468123,COMPLETE
79,118.47999999999999,2026-02-06 08:25:06.733113,2026-02-06 08:26:37.334567,0 days 00:01:30.601454,-0.7153631957264093,3.9752020271664965,0.008016513285562195,0.000607723261070272,COMPLETE
80,96.46000000000001,2026-02-06 08:26:37.337978,2026-02-06 08:28:08.049850,0 days 00:01:30.711872,-0.9873345552225306,3.5319045241616154,0.00357999290399439,0.0005036710091600153,COMPLETE
81,115.6,2026-02-06 08:28:08.053571,2026-02-06 08:29:38.416797,0 days 00:01:30.363226,-1.1907546300928598,4.311496938968501,0.0052276568666495505,0.0003407060231971053,COMPLETE
82,106.8,2026-02-06 08:29:38.420321,2026-02-06 08:31:09.052177,0 days 00:01:30.631856,-1.0485728740337419,4.823870541164839,0.00984095795052725,0.00023944831473982713,COMPLETE
83,125.2,2026-02-06 08:31:09.055575,2026-02-06 08:32:40.810342,0 days 00:01:31.754767,-0.20931392755504252,4.188963228601106,0.007033566191762517,0.0007520653153473353,COMPLETE
84,95.66,2026-02-06 08:32:40.813433,2026-02-06 08:34:11.774848,0 days 00:01:30.961415,-1.5764070749021624,3.903290000758233,0.0005639380832687754,0.0001685351941213714,COMPLETE
85,116.8,2026-02-06 08:34:11.777993,2026-02-06 08:35:42.737718,0 days 00:01:30.959725,-1.7739234985357004,4.5327962097829655,0.002452984642271554,0.0005769334814551564,COMPLETE
86,129.21999999999997,2026-02-06 08:35:42.740907,2026-02-06 08:37:13.799444,0 days 00:01:31.058537,-0.39008823637651857,2.5749837484828713,0.0018456781823310935,0.0008364666041894008,COMPLETE
87,111.66000000000001,2026-02-06 08:37:13.802597,2026-02-06 08:38:45.247544,0 days 00:01:31.444947,-0.3806868675734906,2.2558038987134594,0.004537438304590207,0.0009318836077408957,COMPLETE
88,133.1,2026-02-06 08:38:45.250617,2026-02-06 08:40:17.249133,0 days 00:01:31.998516,-0.06162374890346961,4.118729601582836,0.001976714602833371,0.0008545913892754473,COMPLETE
89,129.56,2026-02-06 08:40:17.252443,2026-02-06 08:41:52.713239,0 days 00:01:35.460796,-0.0967440927046172,4.066836749023078,6.919751195192601e-05,0.00019103778026617328,COMPLETE
90,105.58,2026-02-06 08:41:52.716437,2026-02-06 08:43:25.727357,0 days 00:01:33.010920,-0.05875638518245706,4.1161910407463225,4.7748817575675906e-05,0.00012565327003421885,COMPLETE
91,137.23999999999998,2026-02-06 08:43:25.730959,2026-02-06 08:44:55.715428,0 days 00:01:29.984469,-0.164076044742116,4.417283062068129,7.419271642230201e-05,0.0001962643295226646,COMPLETE
92,122.1,2026-02-06 08:44:55.718867,2026-02-06 08:46:25.439460,0 days 00:01:29.720593,-0.16763708187573167,4.424414634261048,7.105776598613149e-05,0.000194491389944144,COMPLETE
93,130.14000000000001,2026-02-06 08:46:25.442836,2026-02-06 08:47:54.969620,0 days 00:01:29.526784,-0.0580689824636499,4.665203664198405,2.8684239652028076e-05,0.00015148217356394613,COMPLETE
94,130.32,2026-02-06 08:47:54.972937,2026-02-06 08:49:24.602586,0 days 00:01:29.629649,-0.050129831614931966,4.718927353970691,2.628411575184746e-05,0.00015637679897941766,COMPLETE
95,112.7,2026-02-06 08:49:24.606051,2026-02-06 08:50:57.810221,0 days 00:01:33.204170,-0.05056854781838998,4.6335617417964325,2.8922675873542373e-05,0.0001564083452330275,COMPLETE
96,124.02000000000001,2026-02-06 08:50:57.813260,2026-02-06 08:52:30.642072,0 days 00:01:32.828812,-0.14070384637872774,4.707711789964582,2.8996957189939708e-05,0.00013770864535893126,COMPLETE
97,109.8,2026-02-06 08:52:30.645350,2026-02-06 08:54:01.833283,0 days 00:01:31.187933,-0.23878488297279887,4.910145183112139,1.5053297755523455e-05,0.00010137244353209802,COMPLETE
98,109.52000000000001,2026-02-06 08:54:01.836633,2026-02-06 08:55:32.679413,0 days 00:01:30.842780,-0.04870741262875591,4.506593219673202,2.4423795834246637e-05,7.84016154423059e-05,COMPLETE
99,117.14000000000001,2026-02-06 08:55:32.682636,2026-02-06 08:57:06.003203,0 days 00:01:33.320567,-0.14614537062572597,4.295570059654167,3.701656632703963e-05,0.00025078602421343244,COMPLETE
