number,value,datetime_start,datetime_complete,duration,params_PENALTY_STAGNATION,params_REWARD_DISTANCE_COEFF,params_REWARD_SURVIVAL,params_ent_coef,params_lr,state
0,0.0,2026-02-05 02:25:30.882510,2026-02-05 02:25:30.922827,0 days 00:00:00.040317,-0.6365337833205977,4.504938098163879e-05,0.25054099194441143,0.0003068121146303538,2.4157194612812796e-05,COMPLETE
1,0.0,2026-02-05 02:25:30.927758,2026-02-05 02:25:30.964790,0 days 00:00:00.037032,-1.2622274208009308,1.3702288760982795e-05,0.7454448807227547,7.187961537570751e-05,1.295037239991077e-05,COMPLETE
2,0.0,2026-02-05 02:25:30.968122,2026-02-05 02:25:30.999417,0 days 00:00:00.031295,-1.1811219725243218,1.4923018889500506e-05,0.7543496472687548,6.118827064533055e-05,1.4332465460489905e-05,COMPLETE
3,0.0,2026-02-05 02:25:31.003288,2026-02-05 02:25:31.035734,0 days 00:00:00.032446,-1.5613825120341027,9.080471375220875e-05,0.719480069384541,0.0009932619474278587,2.0157205188801253e-05,COMPLETE
4,0.0,2026-02-05 02:25:31.038992,2026-02-05 02:25:31.072985,0 days 00:00:00.033993,-1.5762129137657306,6.033654017687779e-05,0.4208870512834234,0.0001875204629312717,2.5874349394085255e-05,COMPLETE
5,0.0,2026-02-05 02:25:31.075901,2026-02-05 02:25:31.107947,0 days 00:00:00.032046,-1.3508088884288105,3.469283353846585e-05,0.23783336110747957,0.0008739972632985426,0.00027276064719114967,COMPLETE
6,0.0,2026-02-05 02:25:31.110814,2026-02-05 02:25:31.142169,0 days 00:00:00.031355,-0.8309577436627149,8.742125144023544e-05,0.18610632703849814,0.0008829713538514823,0.0002562947554372281,COMPLETE
7,0.0,2026-02-05 02:25:31.145250,2026-02-05 02:25:31.177039,0 days 00:00:00.031789,-1.2071552974033821,7.301533322220584e-05,0.2778404516768114,0.0001063264764713307,5.3339749145370973e-05,COMPLETE
8,0.0,2026-02-05 02:25:31.179896,2026-02-05 02:25:31.216885,0 days 00:00:00.036989,-1.2107181671787353,5.873112109994613e-05,0.14725558159379906,5.2251987623648416e-05,4.497245106928019e-05,COMPLETE
9,0.0,2026-02-05 02:25:31.220746,2026-02-05 02:25:31.263938,0 days 00:00:00.043192,-1.603065942166266,5.9654431460013105e-05,0.5460986440083905,0.00038626358382359155,8.552291522805704e-05,COMPLETE
10,0.0,2026-02-05 02:25:31.267255,2026-02-05 02:25:31.312669,0 days 00:00:00.045414,-0.24642643825560517,3.525683393663966e-05,0.06618076702185915,0.00035572211458944356,0.00011658085587814974,COMPLETE
11,0.0,2026-02-05 02:25:31.316351,2026-02-05 02:25:31.362103,0 days 00:00:00.045752,-0.6830260961594526,2.1643022930979445e-06,0.8545893462773743,0.0001749329449722465,1.0134906192770792e-05,COMPLETE
12,0.0,2026-02-05 02:25:31.365445,2026-02-05 02:25:31.399543,0 days 00:00:00.034098,-0.3878529824349475,2.6845111698413124e-05,0.5097947248172388,0.0003745902326860649,2.9867941854914942e-05,COMPLETE
13,0.0,2026-02-05 02:25:31.403083,2026-02-05 02:25:31.445196,0 days 00:00:00.042113,-1.8814989152386015,4.509125462415859e-06,0.9299651057422418,0.00011148990964343305,1.4925984622861878e-05,COMPLETE
14,0.0,2026-02-05 02:25:31.448419,2026-02-05 02:25:31.482199,0 days 00:00:00.033780,-0.6424066083217971,4.4275762164326936e-05,0.3799911223328394,0.00026847302137103084,1.0095529488829762e-05,COMPLETE
15,0.0,2026-02-05 02:25:31.485278,2026-02-05 02:25:31.519493,0 days 00:00:00.034215,-0.04277922555788116,2.0474635177185335e-05,0.6368445258538867,0.0005711794996369785,3.195486360539151e-05,COMPLETE
16,0.0,2026-02-05 02:25:31.522899,2026-02-05 02:25:31.557322,0 days 00:00:00.034423,-0.8581819487109049,4.2739866161540656e-05,0.9645790680573537,0.00010210624056213642,1.802467353039828e-05,COMPLETE
17,0.0,2026-02-05 02:25:31.561624,2026-02-05 02:25:31.595114,0 days 00:00:00.033490,-0.4920207211136465,1.2373765525503073e-05,0.35843764221140434,7.377606966033737e-05,4.261220922594758e-05,COMPLETE
18,0.0,2026-02-05 02:25:31.598181,2026-02-05 02:25:31.631674,0 days 00:00:00.033493,-0.9471931837741143,7.708577856764339e-05,0.6215764174887025,0.00022305286140015217,8.236181735135921e-05,COMPLETE
19,0.0,2026-02-05 02:25:31.635128,2026-02-05 02:25:31.670807,0 days 00:00:00.035679,-1.8364647010397661,2.4130473683699308e-05,0.04785087992387552,0.00013975650379031697,2.4558049786301066e-05,COMPLETE
20,0.0,2026-02-05 02:25:31.673898,2026-02-05 02:25:31.709227,0 days 00:00:00.035329,-1.069229868102804,4.976686944798809e-05,0.8154092154792383,0.0005752378188301861,1.3352307240253425e-05,COMPLETE
21,0.0,2026-02-05 02:25:31.712223,2026-02-05 02:25:31.745626,0 days 00:00:00.033403,-1.3456861580289465,1.4398416720777216e-05,0.7511294552163972,5.3148542792433924e-05,1.4607590768032212e-05,COMPLETE
22,0.0,2026-02-05 02:25:31.749408,2026-02-05 02:25:31.783323,0 days 00:00:00.033915,-1.1150238104770236,1.2856950782190894e-05,0.6792635252577749,7.538856467818398e-05,1.9345573631671245e-05,COMPLETE
23,0.0,2026-02-05 02:25:31.786369,2026-02-05 02:25:31.820197,0 days 00:00:00.033828,-1.3405964200455913,3.170874217894824e-05,0.8345535873590842,7.158700360279947e-05,1.4318612508167606e-05,COMPLETE
24,0.0,2026-02-05 02:25:31.823114,2026-02-05 02:25:31.857072,0 days 00:00:00.033958,-0.6809010245711911,7.5430616524333785e-06,0.5957384788319069,0.00026373008896267766,3.485143114125738e-05,COMPLETE
25,0.0,2026-02-05 02:25:31.860222,2026-02-05 02:25:31.893776,0 days 00:00:00.033554,-0.900188749181595,2.0492905521559597e-05,0.43057266692569446,0.00014614973762197277,1.1228740054231306e-05,COMPLETE
26,0.0,2026-02-05 02:25:31.896962,2026-02-05 02:25:31.931681,0 days 00:00:00.034719,-1.7166052712574797,8.334352729838317e-07,0.7558625471979274,6.167308265995823e-05,2.1976498251519678e-05,COMPLETE
27,0.0,2026-02-05 02:25:31.935016,2026-02-05 02:25:31.979438,0 days 00:00:00.044422,-1.4898980908292359,3.995876589437727e-05,0.904263316247961,8.891206541789523e-05,1.709921267362399e-05,COMPLETE
28,0.0,2026-02-05 02:25:31.986942,2026-02-05 02:25:32.024818,0 days 00:00:00.037876,-0.531792745958969,5.167927845373647e-05,0.5733699150271825,0.00012822491476287986,1.2535350053971002e-05,COMPLETE
29,0.0,2026-02-05 02:25:32.028269,2026-02-05 02:25:32.061757,0 days 00:00:00.033488,-1.0199039748938596,2.8088073721564565e-05,0.713394493786697,0.0005156453507348506,2.1664896703414414e-05,COMPLETE
30,0.0,2026-02-05 02:25:32.065263,2026-02-05 02:25:32.100519,0 days 00:00:00.035256,-0.7886095316107348,9.519155426102849e-05,0.32625787547882856,9.054595474137383e-05,1.7626321166068387e-05,COMPLETE
31,0.0,2026-02-05 02:25:32.103541,2026-02-05 02:25:32.137905,0 days 00:00:00.034364,-1.543817212809626,6.900554490223207e-05,0.459210914439741,0.000706271245071607,2.6644458323252944e-05,COMPLETE
32,0.0,2026-02-05 02:25:32.140956,2026-02-05 02:25:32.176361,0 days 00:00:00.035405,-1.4352431143176507,8.668801507194023e-05,0.7895380768259976,0.00019989175783859304,2.49038771217216e-05,COMPLETE
33,0.0,2026-02-05 02:25:32.179309,2026-02-05 02:25:32.226297,0 days 00:00:00.046988,-1.6409771652577807,9.74630823608127e-05,0.664857753772841,0.0009520963614415953,3.6541061904939347e-05,COMPLETE
34,0.0,2026-02-05 02:25:32.230373,2026-02-05 02:25:32.273916,0 days 00:00:00.043543,-1.9942311243179707,6.47870894780236e-05,0.8879266476338061,0.0007226953449300553,1.607066165766809e-05,COMPLETE
35,0.0,2026-02-05 02:25:32.278110,2026-02-05 02:25:32.322493,0 days 00:00:00.044383,-1.1777800983022262,7.97548333287691e-05,0.21133887884673222,0.0003170212191722572,0.00020766445719387137,COMPLETE
36,0.0,2026-02-05 02:25:32.325768,2026-02-05 02:25:32.372674,0 days 00:00:00.046906,-1.308537865420722,1.62484781401915e-05,0.9898550013027361,0.00016319912626725527,2.0310274502904016e-05,COMPLETE
37,0.0,2026-02-05 02:25:32.378520,2026-02-05 02:25:32.420303,0 days 00:00:00.041783,-1.2035969044537413,4.9315519759326505e-05,0.7168103815855857,0.00047348283760532907,1.227499152105257e-05,COMPLETE
38,0.0,2026-02-05 02:25:32.424093,2026-02-05 02:25:32.472891,0 days 00:00:00.048798,-1.6985338221144928,3.581119893681463e-05,0.10294229112111924,0.0007355152286109443,6.502199549171518e-05,COMPLETE
39,0.0,2026-02-05 02:25:32.477099,2026-02-05 02:25:32.511600,0 days 00:00:00.034501,-1.3959808301923915,5.501103711320703e-05,0.2716590815820123,6.447155917605371e-05,4.798673640077327e-05,COMPLETE
40,0.0,2026-02-05 02:25:32.514734,2026-02-05 02:25:32.546541,0 days 00:00:00.031807,-1.2676859957076207,7.196265995996331e-06,0.502581405605546,5.252255185260491e-05,2.7967178009383528e-05,COMPLETE
41,0.0,2026-02-05 02:25:32.549560,2026-02-05 02:25:32.582108,0 days 00:00:00.032548,-1.5427201293442665,6.326552461245989e-05,0.15522177110339308,0.0004143934644207909,4.000694885485757e-05,COMPLETE
42,0.0,2026-02-05 02:25:32.585170,2026-02-05 02:25:32.616274,0 days 00:00:00.031104,-1.7928528430315585,8.532625032753541e-05,0.27974980066727406,0.00011727334739105051,2.1699838102731723e-05,COMPLETE
43,0.0,2026-02-05 02:25:32.619271,2026-02-05 02:25:32.650112,0 days 00:00:00.030841,-1.1153044335285405,7.038004477634855e-05,0.4084038010934651,0.0002809770834010514,5.981762740331819e-05,COMPLETE
44,0.0,2026-02-05 02:25:32.653034,2026-02-05 02:25:32.684281,0 days 00:00:00.031247,-0.1804737069454092,8.20034083721824e-05,0.5307004485123081,0.00018443045963363245,1.142991079828319e-05,COMPLETE
45,0.0,2026-02-05 02:25:32.687054,2026-02-05 02:25:32.718194,0 days 00:00:00.031140,-1.4384666079433468,5.684713541738231e-05,0.47132745355220074,9.202866179557652e-05,3.0305906797114142e-05,COMPLETE
46,0.0,2026-02-05 02:25:32.721036,2026-02-05 02:25:32.752430,0 days 00:00:00.031394,-0.7885260094414568,9.114018034924813e-05,0.34074824603497805,0.0003183356680065366,0.00016596995348665717,COMPLETE
47,0.0,2026-02-05 02:25:32.755215,2026-02-05 02:25:32.785894,0 days 00:00:00.030679,-0.9654903424703981,2.1623427353800987e-05,0.014425743649146283,8.102861352323344e-05,1.5371531825022418e-05,COMPLETE
48,0.0,2026-02-05 02:25:32.788494,2026-02-05 02:25:32.819376,0 days 00:00:00.030882,-1.6064018723288631,3.1213913344576484e-05,0.777322300517681,5.995154287803624e-05,2.402019831286214e-05,COMPLETE
49,0.0,2026-02-05 02:25:32.822410,2026-02-05 02:25:32.852838,0 days 00:00:00.030428,-1.252346809239236,7.500087194840671e-05,0.7156600839440941,0.00022248015069189128,1.0190960712729936e-05,COMPLETE
50,0.0,2026-02-05 02:25:32.855735,2026-02-05 02:25:32.886548,0 days 00:00:00.030813,-0.34937626990875315,4.3983507512362074e-05,0.8768684287068004,0.0008219668257769056,1.9302319487132926e-05,COMPLETE
51,0.0,2026-02-05 02:25:32.889369,2026-02-05 02:25:32.919997,0 days 00:00:00.030628,-1.3765921539736523,3.81258653019513e-05,0.2023823844644053,0.0008533393631298794,0.00012778023775923434,COMPLETE
52,0.0,2026-02-05 02:25:32.922859,2026-02-05 02:25:32.953353,0 days 00:00:00.030494,-1.167876571972987,4.739663400022007e-05,0.28153399898215703,0.000994721244179404,8.181808895067576e-05,COMPLETE
53,0.0,2026-02-05 02:25:32.956340,2026-02-05 02:25:32.987459,0 days 00:00:00.031119,-1.4918045515915128,1.6748402190264074e-05,0.13131105535356793,0.0005994077293485247,0.0002882907485922511,COMPLETE
54,0.0,2026-02-05 02:25:32.990118,2026-02-05 02:25:33.020650,0 days 00:00:00.030532,-1.0257844584263234,8.820023030198725e-06,0.6467459553983207,0.00041908102808006217,1.3578954777068398e-05,COMPLETE
55,0.0,2026-02-05 02:25:33.023536,2026-02-05 02:25:33.054062,0 days 00:00:00.030526,-1.7449202352568483,2.6959143090443354e-05,0.22713017413522835,0.0006266256243667189,0.0001113411152910293,COMPLETE
56,0.0,2026-02-05 02:25:33.057073,2026-02-05 02:25:33.088177,0 days 00:00:00.031104,-1.2894815387596537,3.3395614317932144e-05,0.8166131149829924,0.00011023957656865016,1.6642623862664597e-05,COMPLETE
57,0.0,2026-02-05 02:25:33.091023,2026-02-05 02:25:33.121536,0 days 00:00:00.030513,-1.9150071106211537,6.099578324152647e-05,0.592261021902543,0.0008558426461804036,3.144521117465358e-05,COMPLETE
58,0.0,2026-02-05 02:25:33.124208,2026-02-05 02:25:33.154116,0 days 00:00:00.029908,-0.5590117379206658,4.127326552621939e-05,0.8526173530518784,0.0005021837722689323,0.00021739614369936333,COMPLETE
59,0.0,2026-02-05 02:25:33.157101,2026-02-05 02:25:33.187787,0 days 00:00:00.030686,-1.5265875583190025,1.8631460653224914e-05,0.36805657802788855,0.0002506611485715952,1.8640017335676976e-05,COMPLETE
60,0.0,2026-02-05 02:25:33.190673,2026-02-05 02:25:33.221334,0 days 00:00:00.030661,-1.6353616389199583,5.288455994624056e-05,0.3186819077495942,6.590068669067423e-05,3.591139180106184e-05,COMPLETE
61,0.0,2026-02-05 02:25:33.224107,2026-02-05 02:25:33.258089,0 days 00:00:00.033982,-0.8487960949703894,9.207931092179045e-05,0.17384509607654902,0.0006637974230525468,0.00025951562672116974,COMPLETE
62,0.0,2026-02-05 02:25:33.261137,2026-02-05 02:25:33.295117,0 days 00:00:00.033980,-0.7172302751689218,1.1222676711483647e-05,0.23563575764862107,0.0009192725293102408,0.00014024812086961829,COMPLETE
63,0.0,2026-02-05 02:25:33.298353,2026-02-05 02:25:33.332835,0 days 00:00:00.034482,-0.6395921659951298,4.380861206281458e-06,0.088875006938713,0.0007501373304043969,0.0002104764464279898,COMPLETE
64,0.0,2026-02-05 02:25:33.335932,2026-02-05 02:25:33.369923,0 days 00:00:00.033991,-0.39522268455490933,2.3387381202838418e-05,0.681488599326353,0.0007892930758513983,0.00024288999538650568,COMPLETE
65,0.0,2026-02-05 02:25:33.373299,2026-02-05 02:25:33.406808,0 days 00:00:00.033509,-1.0885189214239257,8.872262934641858e-05,0.18916385410684364,5.546934432049623e-05,0.0001670314506038012,COMPLETE
66,0.0,2026-02-05 02:25:33.409894,2026-02-05 02:25:33.443549,0 days 00:00:00.033655,-0.9388126977920146,9.453103199121554e-05,0.24762066332975025,0.0001426439336191966,1.4362242689238798e-05,COMPLETE
67,0.0,2026-02-05 02:25:33.446659,2026-02-05 02:25:33.480908,0 days 00:00:00.034249,-1.416149062262547,4.767162600442766e-05,0.4017082837074394,0.0005391319094243451,1.2694424395170002e-05,COMPLETE
68,0.0,2026-02-05 02:25:33.484109,2026-02-05 02:25:33.517859,0 days 00:00:00.033750,-1.2307551361269802,9.999343374062526e-05,0.30687492758409673,9.880145931115703e-05,9.770924887019216e-05,COMPLETE
69,0.0,2026-02-05 02:25:33.521286,2026-02-05 02:25:33.554786,0 days 00:00:00.033500,-1.327124313077954,8.363648743155039e-05,0.7530548767567012,7.69151120660141e-05,0.00029693001030539065,COMPLETE
70,0.0,2026-02-05 02:25:33.557999,2026-02-05 02:25:33.592034,0 days 00:00:00.034035,-0.8642642165732343,7.883939494525133e-05,0.9389626766293016,0.00012323494934329455,2.4664127459455245e-05,COMPLETE
71,0.0,2026-02-05 02:25:33.595155,2026-02-05 02:25:33.629178,0 days 00:00:00.034023,-1.4685544262519359,7.106365602918209e-05,0.12687331024251783,0.0001575567194218077,4.6591283274142744e-05,COMPLETE
72,0.0,2026-02-05 02:25:33.632411,2026-02-05 02:25:33.668080,0 days 00:00:00.035669,-1.1415532287330956,7.409770760913221e-05,0.1780860070987592,6.991699645873248e-05,7.090512668703577e-05,COMPLETE
73,0.0,2026-02-05 02:25:33.671318,2026-02-05 02:25:33.705695,0 days 00:00:00.034377,-1.0261206631134892,6.607900251081381e-05,0.26122311485731103,8.408993099386926e-05,0.00018123915883101193,COMPLETE
74,0.0,2026-02-05 02:25:33.709907,2026-02-05 02:25:33.744002,0 days 00:00:00.034095,-1.5794790734559905,8.110316742444154e-05,0.29298106503838617,0.000920429486481972,5.2214137678159006e-05,COMPLETE
75,0.0,2026-02-05 02:25:33.747037,2026-02-05 02:25:33.781453,0 days 00:00:00.034416,-0.7731495597567832,5.968670433947004e-05,0.35410740059948154,5.024812494200362e-05,2.116780573695537e-05,COMPLETE
76,0.0,2026-02-05 02:25:33.784677,2026-02-05 02:25:33.825774,0 days 00:00:00.041097,-1.341802379170716,8.806859454765339e-05,0.6193166425206299,5.737921981698341e-05,1.144298301893278e-05,COMPLETE
77,0.0,2026-02-05 02:25:33.831486,2026-02-05 02:25:33.868322,0 days 00:00:00.036836,-0.6041160299070307,6.766170042407933e-05,0.4566309149061906,0.00010128162098138977,1.746916118708263e-05,COMPLETE
78,0.0,2026-02-05 02:25:33.871290,2026-02-05 02:25:33.909316,0 days 00:00:00.038026,-1.1970566514544863,5.444045065733045e-05,0.7889198724790852,0.00019192387339438878,3.9011282697765624e-05,COMPLETE
79,0.0,2026-02-05 02:25:33.913840,2026-02-05 02:25:33.965265,0 days 00:00:00.051425,-1.057537951302274,3.8214545716419e-05,0.5618202787153402,0.00034600286685905425,2.7602662471103705e-05,COMPLETE
80,0.0,2026-02-05 02:25:33.970736,2026-02-05 02:25:34.012964,0 days 00:00:00.042228,-1.6789112699096491,6.330975573673782e-05,0.7028850346983346,0.00020852110201429787,3.288672904577568e-05,COMPLETE
81,0.0,2026-02-05 02:25:34.016425,2026-02-05 02:25:34.049964,0 days 00:00:00.033539,-1.2175850521857738,5.886846186820982e-05,0.14211794940485858,7.032004822997998e-05,5.913864577343133e-05,COMPLETE
82,0.0,2026-02-05 02:25:34.052997,2026-02-05 02:25:34.088702,0 days 00:00:00.035705,-1.2694637446012162,4.457052800572163e-05,0.22589331183150557,6.23503567780686e-05,4.816427662444822e-05,COMPLETE
83,0.0,2026-02-05 02:25:34.092094,2026-02-05 02:25:34.125748,0 days 00:00:00.033654,-1.3824509175864712,7.378008994817868e-05,0.09330701017451973,5.637488084413422e-05,1.5191412400125518e-05,COMPLETE
84,0.0,2026-02-05 02:25:34.128900,2026-02-05 02:25:34.164351,0 days 00:00:00.035451,-1.1305056139052887,5.1207333313759906e-05,0.16624035755485317,0.0006668925942093525,4.4226465543842564e-05,COMPLETE
85,0.0,2026-02-05 02:25:34.167715,2026-02-05 02:25:34.202206,0 days 00:00:00.034491,-1.3014688968078358,1.464403595251621e-05,0.049536571497250104,5.0155017671350274e-05,2.2466007400796848e-05,COMPLETE
86,0.0,2026-02-05 02:25:34.206169,2026-02-05 02:25:34.242381,0 days 00:00:00.036212,-1.0755613706547538,5.823308678970205e-05,0.7352426792641362,0.0009995641356655809,1.9569104680910585e-05,COMPLETE
87,0.0,2026-02-05 02:25:34.245621,2026-02-05 02:25:34.282689,0 days 00:00:00.037068,-0.45239858049783754,2.8654088052485388e-05,0.21624075935627707,8.068954639990892e-05,6.479835361178428e-05,COMPLETE
88,0.0,2026-02-05 02:25:34.285942,2026-02-05 02:25:34.321181,0 days 00:00:00.035239,-0.9865228694355381,5.593049469811952e-05,0.5111071700328746,0.00017340752351278213,2.6081457339186033e-05,COMPLETE
89,0.0,2026-02-05 02:25:34.324480,2026-02-05 02:25:34.359852,0 days 00:00:00.035372,-0.9078404386251319,1.0904887506176019e-05,0.3319150081353274,6.633925690492672e-05,7.59279946867764e-05,COMPLETE
90,0.0,2026-02-05 02:25:34.363124,2026-02-05 02:25:34.397866,0 days 00:00:00.034742,-0.7303882663177275,7.683989837134902e-05,0.3939798643475415,0.0001350772989033017,2.9397367119369962e-05,COMPLETE
91,0.0,2026-02-05 02:25:34.401306,2026-02-05 02:25:34.436587,0 days 00:00:00.035281,-1.7701548918809782,6.174923172852434e-05,0.8178451056354217,0.00025100990536410515,0.000253630256985844,COMPLETE
92,0.0,2026-02-05 02:25:34.440448,2026-02-05 02:25:34.475658,0 days 00:00:00.035210,-1.4451442992941326,5.338979737429603e-05,0.4257700616892513,0.0003782547028032313,1.0031373556628048e-05,COMPLETE
93,0.0,2026-02-05 02:25:34.479086,2026-02-05 02:25:34.514836,0 days 00:00:00.035750,-1.8343427021859666,6.558942495493308e-05,0.2527230998231317,0.00032047879774764595,9.05174078501718e-05,COMPLETE
94,0.0,2026-02-05 02:25:34.519355,2026-02-05 02:25:34.555316,0 days 00:00:00.035961,-1.5132331459914925,8.430843534467374e-05,0.6476094295631702,0.0002704519393241695,1.3654715967873918e-05,COMPLETE
95,0.0,2026-02-05 02:25:34.559278,2026-02-05 02:25:34.595258,0 days 00:00:00.035980,-1.58261476596175,4.9046839880513896e-05,0.7662272613001873,0.0008794699789154009,1.6167443574290024e-05,COMPLETE
96,0.0,2026-02-05 02:25:34.598331,2026-02-05 02:25:34.634607,0 days 00:00:00.036276,-1.6475743158792961,5.327872456186386e-06,0.6816494101790662,0.00028939486804768256,5.210199454958842e-05,COMPLETE
97,0.0,2026-02-05 02:25:34.638095,2026-02-05 02:25:34.674100,0 days 00:00:00.036005,-1.4055478614601438,4.6046466422924256e-05,0.734112861027404,0.00045217107802182844,2.3376637186535842e-05,COMPLETE
98,0.0,2026-02-05 02:25:34.677782,2026-02-05 02:25:34.713955,0 days 00:00:00.036173,-1.1535756931368348,2.4327078733171288e-05,0.5574309241519187,0.0003528560811591377,3.898964814482758e-05,COMPLETE
99,0.0,2026-02-05 02:25:34.717623,2026-02-05 02:25:34.753708,0 days 00:00:00.036085,-1.559310364206547,9.186377247120133e-05,0.11127539277655663,0.00010988826869337425,0.00018583247631552457,COMPLETE
100,113.51999999999998,2026-02-05 02:32:41.873790,2026-02-05 02:34:10.161045,0 days 00:01:28.287255,-1.2582967955011926,6.7781198466495e-05,0.20884477919446706,0.0008067803942909181,0.0002685324945544447,COMPLETE
101,,2026-02-05 02:34:10.166300,2026-02-05 02:34:21.682532,0 days 00:00:11.516232,-1.2403746680716705,6.981307529941304e-05,0.18390300604013152,0.0008197748353124402,0.00022864651580192425,FAIL
102,116.5,2026-02-05 02:34:35.285291,2026-02-05 02:35:58.526987,0 days 00:01:23.241696,-1.3556799989009884,7.15011139347726e-05,0.20480916004691296,0.0009122857066912698,0.0002768475276466947,COMPLETE
103,129.35999999999999,2026-02-05 02:35:58.531854,2026-02-05 02:37:16.836834,0 days 00:01:18.304980,-1.2508933931804749,7.31210248210279e-05,0.20341838114368405,0.0007854029339357273,0.00027168378637384277,COMPLETE
104,120.55999999999999,2026-02-05 02:37:16.840565,2026-02-05 02:38:35.725764,0 days 00:01:18.885199,-1.2502828969155018,7.796424743844907e-05,0.2991728902161413,0.0007569274670851444,0.00022234862713768047,COMPLETE
105,98.0,2026-02-05 02:38:35.728816,2026-02-05 02:39:54.141555,0 days 00:01:18.412739,-1.3691278931589332,7.01149061438637e-05,0.19390502447069116,0.0008047751679006169,0.00023201242111494606,COMPLETE
106,103.64000000000001,2026-02-05 02:39:54.144610,2026-02-05 02:41:12.689187,0 days 00:01:18.544577,-1.3688919568284992,6.928758136454506e-05,0.20053549277245533,0.0008118152211531091,0.00022863690284678802,COMPLETE
107,106.12,2026-02-05 02:41:12.692119,2026-02-05 02:42:31.374090,0 days 00:01:18.681971,-1.2646718330540547,6.916644602925884e-05,0.19919101432985298,0.0007931382665473823,0.00022837566409927927,COMPLETE
