number,value,datetime_start,datetime_complete,duration,params_PENALTY_STAGNATION,params_REWARD_DISTANCE_COEFF,params_REWARD_SURVIVAL,params_ent_coef,params_lr,state
0,116.5,2026-02-04 21:23:43.408627,2026-02-04 21:25:48.102455,0 days 00:02:04.693828,-0.33361813446196814,0.0007044447869715084,0.9344551987289784,0.0004868946435709074,0.00010408596632333113,COMPLETE
1,139.65,2026-02-04 21:29:08.463824,2026-02-04 21:31:12.313698,0 days 00:02:03.849874,-0.5863015299163702,0.0009043678848513983,1.366636135657501,0.0007754839084445409,0.0001025265854051157,COMPLETE
2,117.85,2026-02-04 21:31:12.318482,2026-02-04 21:33:12.206421,0 days 00:01:59.887939,-0.441294873017295,0.0009379237500403029,0.5960167145294637,0.0005701647012153338,0.00013539351754224385,COMPLETE
3,132.7,2026-02-04 21:33:12.209422,2026-02-04 21:35:12.473979,0 days 00:02:00.264557,-0.1768670189505371,0.00037279732063562045,1.1317059436481296,0.0012137454602713057,0.00014547284489930067,COMPLETE
4,101.95,2026-02-04 21:35:12.477008,2026-02-04 21:37:15.129701,0 days 00:02:02.652693,-0.6392739675043235,0.0004958391843667614,1.4757319237130957,0.0013144632320375442,0.0001241218394562669,COMPLETE
5,119.80000000000001,2026-02-04 21:37:15.132611,2026-02-04 21:39:20.761406,0 days 00:02:05.628795,-0.7343751376582714,0.0007541669640446447,1.007025246581073,0.0005197919657550873,0.0001021422597952109,COMPLETE
6,121.95,2026-02-04 21:39:20.764605,2026-02-04 21:41:23.610669,0 days 00:02:02.846064,-0.7215996765399527,0.00023186839233409784,1.3442769967297261,0.0006981377762908993,0.00010557637457201374,COMPLETE
7,111.85,2026-02-04 21:41:23.613645,2026-02-04 21:43:59.825653,0 days 00:02:36.212008,-0.621322595204862,0.0001294138385760568,1.2464334624853546,0.0017910612624977948,9.838290074762889e-05,COMPLETE
8,143.5,2026-02-04 21:43:59.829141,2026-02-04 21:46:49.989308,0 days 00:02:50.160167,-0.3852061801659857,0.00011575959900838329,0.6222920539008132,0.0008404762889961465,0.00014381029084598694,COMPLETE
9,126.5,2026-02-04 21:46:49.993639,2026-02-04 21:49:42.385197,0 days 00:02:52.391558,-0.4206300980804024,0.0009420986665647203,0.7172704803542083,0.0011713288785914725,0.00014277536056534913,COMPLETE
10,140.3,2026-02-04 21:49:42.388652,2026-02-04 21:53:26.429554,0 days 00:03:44.040902,-0.13869283631275364,1.2183250900445577e-05,0.40452582661591197,0.0003180598140067933,0.00012022335150224976,COMPLETE
11,128.1,2026-02-04 21:53:26.444546,2026-02-04 21:56:05.665697,0 days 00:02:39.221151,-0.10501097060375947,6.407432406759951e-05,0.40854310548320144,0.0003133053337412905,0.00011901027610308858,COMPLETE
12,119.55,2026-02-04 21:56:05.668655,2026-02-04 21:58:13.569849,0 days 00:02:07.901194,-0.26766467407961525,1.4383472900195485e-05,0.4000357477281986,0.00031092702627897033,0.0001291229300008242,COMPLETE
13,138.1,2026-02-04 21:58:13.573237,2026-02-04 22:00:30.126270,0 days 00:02:16.553033,-0.2580696268370457,0.0002689004688700959,0.6280445204501781,0.000914822987984795,9.104620561704299e-05,COMPLETE
14,108.1,2026-02-04 22:00:30.130434,2026-02-04 22:02:56.143253,0 days 00:02:26.012819,-0.513317626666127,0.00016960120261616648,0.7931201149418278,0.0004196271234183338,0.00011176950100399397,COMPLETE
15,98.65,2026-02-04 22:02:56.146468,2026-02-04 22:05:19.650903,0 days 00:02:23.504435,-0.3569555221606222,0.00036094866247423155,0.5556893590026204,0.000960534152080535,0.00013394576076993368,COMPLETE
16,177.5,2026-02-04 22:05:19.653897,2026-02-04 22:07:44.726570,0 days 00:02:25.072673,-0.11474928521335716,1.571593991434184e-05,0.5098639396321658,0.0006798357932066041,0.0001496168132074528,COMPLETE
17,147.39999999999998,2026-02-04 22:07:44.730251,2026-02-04 22:10:33.475976,0 days 00:02:48.745725,-0.21433610026387484,0.0005222372696888202,0.8501323797294964,0.0006815401947880595,0.00014785500481726024,COMPLETE
18,,2026-02-04 22:10:33.479040,2026-02-04 22:12:24.735707,0 days 00:01:51.256667,-0.22505817798300834,0.0006025575946733924,0.8417418779809474,0.0006246381494855398,0.00014849587590792592,FAIL
19,119.2,2026-02-04 22:34:03.695127,2026-02-04 22:36:09.202014,0 days 00:02:05.506887,-0.033073949635173835,0.047098595766583866,0.06947302843695874,0.00012632296745458013,0.000265669017921297,COMPLETE
20,114.4,2026-02-04 22:36:09.206317,2026-02-04 22:38:13.890049,0 days 00:02:04.683732,-0.8974751424453393,0.18725685143223206,0.15456138865632252,0.00016320773894296483,2.8072044630229906e-05,COMPLETE
21,117.6,2026-02-04 22:38:13.893144,2026-02-04 22:40:27.231837,0 days 00:02:13.338693,-0.027228550327210888,0.045587128953816274,0.27745935466937965,5.7705460077628776e-05,5.987155210159814e-05,COMPLETE
22,129.25,2026-02-04 22:40:27.235066,2026-02-04 22:42:43.893897,0 days 00:02:16.658831,-0.22808263394309913,0.03899746019007098,0.3281114626929438,0.0006221747523824995,0.0002788894176102721,COMPLETE
23,141.60000000000002,2026-02-04 22:42:43.897042,2026-02-04 22:45:01.722829,0 days 00:02:17.825787,-0.1106880681233626,0.03264141465831273,0.34999574918820225,0.0003780908907152591,0.00020397290968184173,COMPLETE
24,114.65,2026-02-04 22:45:01.726419,2026-02-04 22:47:19.428752,0 days 00:02:17.702333,-0.36749099271402436,0.06799975229726772,0.19776561212948973,0.00022266613500116874,1.2717317520247723e-05,COMPLETE
25,137.5,2026-02-04 22:47:19.431864,2026-02-04 22:49:38.126291,0 days 00:02:18.694427,-0.21387564221752353,0.11885302340844567,0.36239436688129,7.915839607080388e-05,6.420671237737222e-05,COMPLETE
26,96.6,2026-02-04 22:49:38.129615,2026-02-04 22:52:00.675374,0 days 00:02:22.545759,-0.2994013505708294,0.027874908147981867,0.284300456289313,0.0006650983064465144,0.00019709028231967127,COMPLETE
27,101.9,2026-02-04 22:52:00.678750,2026-02-04 22:54:20.265613,0 days 00:02:19.586863,-0.442634519066592,0.07403502926976253,0.044105619278060865,0.0004491326864142547,3.8845132240690225e-05,COMPLETE
28,169.45,2026-02-04 22:54:20.268686,2026-02-04 22:56:39.084317,0 days 00:02:18.815631,-0.08586332788151801,0.11327182996709585,0.19577545870699462,0.0002278492134670901,0.00019461693246999157,COMPLETE
29,116.19999999999999,2026-02-04 22:56:39.087474,2026-02-04 22:58:57.932597,0 days 00:02:18.845123,-0.06450250859790228,0.11983349400274064,0.18574073759300652,0.00023086912668007352,0.00019831078108380052,COMPLETE
30,203.75,2026-02-04 22:58:57.935663,2026-02-04 23:01:20.674048,0 days 00:02:22.738385,-0.16594503559193383,0.1471601154384561,0.10419725999781801,0.00014527905225510224,7.281318288599893e-05,COMPLETE
31,137.05,2026-02-04 23:01:20.677885,2026-02-04 23:03:52.859875,0 days 00:02:32.181990,-0.00010756475877216065,0.1483555622228022,0.09768999389908468,0.00011492504783471467,7.624604206183661e-05,COMPLETE
32,125.80000000000001,2026-02-04 23:03:52.863350,2026-02-04 23:06:21.272760,0 days 00:02:28.409410,-0.15450499708120902,0.1482996688106354,0.10995001292902692,0.00018524942371898865,4.385278922782964e-05,COMPLETE
33,114.30000000000001,2026-02-04 23:06:21.276100,2026-02-04 23:08:45.901752,0 days 00:02:24.625652,-0.08169729636588582,0.15872963320633982,0.20821053827962466,0.00012652338744223554,0.0001709866982307718,COMPLETE
34,123.55,2026-02-04 23:08:45.905006,2026-02-04 23:11:02.258502,0 days 00:02:16.353496,-0.19679143143555086,0.09643779475772454,0.14383715813954545,7.409363891680658e-05,0.0002488755347622592,COMPLETE
35,109.45,2026-02-04 23:11:02.261587,2026-02-04 23:13:15.397138,0 days 00:02:13.135551,-0.2955594013445811,0.10102097922657462,0.004540754690486995,9.317413532475613e-05,7.549225470085142e-05,COMPLETE
36,166.45,2026-02-04 23:13:15.400211,2026-02-04 23:15:28.473976,0 days 00:02:13.073765,-0.16032504927623628,0.12331094121501739,0.23905587016596763,0.00016508014128207638,4.500052480648519e-05,COMPLETE
37,157.95,2026-02-04 23:15:28.476975,2026-02-04 23:17:50.097119,0 days 00:02:21.620144,-0.1483863142768295,0.12647271418548137,0.23325996947715483,0.0001588209474862273,2.0958012472807795e-05,COMPLETE
38,144.1,2026-02-04 23:17:50.100111,2026-02-04 23:20:04.399457,0 days 00:02:14.299346,-0.08211379717122698,0.1349450520855819,0.2528487083149506,0.000248968053169025,4.482052649934402e-05,COMPLETE
39,107.85,2026-02-04 23:20:04.402472,2026-02-04 23:22:16.702478,0 days 00:02:12.300006,-0.5107055491667635,0.17346291097276015,0.16517329470065428,0.00010517765068026282,3.0242317279147524e-05,COMPLETE
40,91.5,2026-02-04 23:22:16.705541,2026-02-04 23:24:30.407997,0 days 00:02:13.702456,-0.9978930227717577,0.08943912149464942,0.11179311474876263,0.00015156363746255004,8.243661579741639e-05,COMPLETE
41,144.95,2026-02-04 23:24:30.411184,2026-02-04 23:26:43.512370,0 days 00:02:13.101186,-0.16835024956979644,0.11544649662808368,0.23360734965119634,0.00020840562382212915,5.272063426119545e-05,COMPLETE
42,119.55,2026-02-04 23:26:43.515324,2026-02-04 23:28:57.278280,0 days 00:02:13.762956,-0.14032384903107642,0.13117884843433772,0.23267386561275819,0.00015261731565775614,1.6882201381078732e-05,COMPLETE
43,119.65,2026-02-04 23:28:57.281280,2026-02-04 23:31:09.928451,0 days 00:02:12.647171,-0.04270656174155407,0.13231311545993105,0.301128485879312,0.0001745605645173486,2.2613834005835406e-05,COMPLETE
44,122.7,2026-02-04 23:31:09.931324,2026-02-04 23:33:22.616808,0 days 00:02:12.685484,-0.13557042161400087,0.11047341649666213,0.26064325462065435,0.00026941047971221026,1.080125066398454e-05,COMPLETE
45,113.9,2026-02-04 23:33:22.619826,2026-02-04 23:35:33.866611,0 days 00:02:11.246785,-0.3134252539945349,0.14484029857099281,0.22259971430723172,0.0001394217065758293,1.850765831489966e-05,COMPLETE
46,117.15,2026-02-04 23:35:33.869674,2026-02-04 23:37:46.333656,0 days 00:02:12.463982,-0.18774200477834946,0.08606947354299943,0.13392063532004644,0.0001906746028257023,2.6010607127488542e-05,COMPLETE
47,149.1,2026-02-04 23:37:46.336735,2026-02-04 23:39:59.567873,0 days 00:02:13.231138,-0.25230679531155004,0.12569258902274352,0.17622430170238912,9.886738370418667e-05,3.256884507092831e-05,COMPLETE
48,122.55,2026-02-04 23:39:59.570832,2026-02-04 23:42:12.719155,0 days 00:02:13.148323,-0.11445067059370354,0.16012919852526947,0.3091869190389124,0.0005168819177038708,0.0001688681790584324,COMPLETE
49,122.55,2026-02-04 23:42:12.722051,2026-02-04 23:44:26.544732,0 days 00:02:13.822681,-0.07664823932457634,0.14118106309057193,0.06803889350400003,0.00028513060026918167,3.5362625521705496e-05,COMPLETE
50,125.95,2026-02-04 23:44:26.547951,2026-02-04 23:46:39.350699,0 days 00:02:12.802748,-0.17786985819863022,0.10757590703272296,0.21229497649513374,0.0003444095211891268,5.025424009512723e-05,COMPLETE
51,115.3,2026-02-04 23:46:39.353729,2026-02-04 23:48:52.619951,0 days 00:02:13.266222,-0.0021861296408287323,0.15756844786294538,0.42887392784448614,8.654938606150416e-05,2.1795350731481822e-05,COMPLETE
52,137.55,2026-02-04 23:48:52.622863,2026-02-04 23:51:05.171647,0 days 00:02:12.548784,-0.2647852957221737,0.12322296291095507,0.1799562269087015,0.000101584908354897,3.885476706840954e-05,COMPLETE
53,123.95,2026-02-04 23:51:05.174693,2026-02-04 23:53:18.490986,0 days 00:02:13.316293,-0.23775801589975298,0.1235966577289029,0.17014654830337647,0.0001333155721886477,6.551588891088629e-05,COMPLETE
54,144.35,2026-02-04 23:53:18.494058,2026-02-04 23:55:30.565978,0 days 00:02:12.071920,-0.6844886116442851,0.1375170858413007,0.1961775234154584,5.933565042469259e-05,1.5422360004228064e-05,COMPLETE
55,129.3,2026-02-04 23:55:30.569162,2026-02-04 23:57:41.693246,0 days 00:02:11.124084,-0.10873209382324016,0.1697166470515056,0.1280090377315971,6.900157039698771e-05,3.3044704942183814e-05,COMPLETE
56,117.9,2026-02-04 23:57:41.696142,2026-02-04 23:59:53.127548,0 days 00:02:11.431406,-0.1568256718535135,0.12769518870128,0.24878478616060848,0.00011365970098952919,2.4579003760589757e-05,COMPLETE
57,146.75,2026-02-04 23:59:53.130661,2026-02-05 00:02:05.745907,0 days 00:02:12.615246,-0.580128237202488,0.1095682201332146,0.2750225196383961,0.00020586107292391083,0.0002327528909227424,COMPLETE
58,151.35,2026-02-05 00:02:05.748843,2026-02-05 00:04:16.201929,0 days 00:02:10.453086,-0.2450136586936668,0.018526445207878817,0.07684487398772054,0.00016138453843441824,9.435534966530051e-05,COMPLETE
59,97.75,2026-02-05 00:04:16.204862,2026-02-05 00:06:27.805168,0 days 00:02:11.600306,-0.05805005197074538,0.0174157288114801,0.04296536416898553,0.00016448072700813097,9.925841250163072e-05,COMPLETE
60,156.85000000000002,2026-02-05 00:06:27.808276,2026-02-05 00:08:37.697789,0 days 00:02:09.889513,-0.44174858680886575,0.01608834639540311,0.08198948258748257,0.00015596695400270962,8.931349082011824e-05,COMPLETE
61,110.75,2026-02-05 00:08:37.700794,2026-02-05 00:10:48.214942,0 days 00:02:10.514148,-0.7893479326174028,0.01613088203727645,0.012014018500187795,0.00014283679978052005,0.00015926233727547317,COMPLETE
62,143.5,2026-02-05 00:10:48.217861,2026-02-05 00:12:59.143992,0 days 00:02:10.926131,-0.40508070282231057,0.014354045653836637,0.07778914605741771,0.00017896857077350466,0.000112673291425815,COMPLETE
63,156.8,2026-02-05 00:12:59.146871,2026-02-05 00:15:09.840485,0 days 00:02:10.693614,-0.3378425598310352,0.03130233222769077,0.05081167327116762,0.00011871529180888209,8.466293462467581e-05,COMPLETE
64,133.45,2026-02-05 00:15:09.843519,2026-02-05 00:17:20.821514,0 days 00:02:10.977995,-0.4457709511625875,0.056159577614271754,0.03741537319229729,0.0001183720540602926,8.60096343462338e-05,COMPLETE
65,98.8,2026-02-05 00:17:20.824636,2026-02-05 00:19:30.793299,0 days 00:02:09.968663,-0.33769539681049443,0.028080955259330697,0.029824158444944515,0.0002059490940351515,6.875828970932342e-05,COMPLETE
66,142.85,2026-02-05 00:19:30.796170,2026-02-05 00:21:44.882853,0 days 00:02:14.086683,-0.3742389853451192,0.02203811059202513,0.09292646283656406,0.00012954473486092655,6.157681327331369e-05,COMPLETE
67,115.15,2026-02-05 00:21:44.885906,2026-02-05 00:23:56.582175,0 days 00:02:11.696269,-0.4769593985709088,0.013439058872382136,0.059647551579996114,0.0005777041443063084,0.00012842642337192167,COMPLETE
68,144.8,2026-02-05 00:23:56.585103,2026-02-05 00:26:06.540246,0 days 00:02:09.955143,-0.2060923065981301,0.03661430336339272,0.021892285164297587,0.000251645047010629,0.0002999489777318005,COMPLETE
