number,value,datetime_start,datetime_complete,duration,params_ENT_COEF,params_LEARNING_RATE,params_PENALTY_STAGNATION_FORCE,params_REWARD_DISTANCE_DIFF_SCALE,params_REWARD_SURVIVAL_SCALE,state
111,127.8,2026-02-07 01:31:50.526755,2026-02-07 01:33:10.437178,0 days 00:01:19.910423,0.00017854862909563824,0.0004901958301230329,-2.3395476061061804,4.661324013640588,7.417021984715201,COMPLETE
112,123.58,2026-02-07 01:33:10.440719,2026-02-07 01:34:30.584052,0 days 00:01:20.143333,0.00011693188665450372,0.0004332256740890126,-2.7367424667933973,5.37822453850613,5.839763972123113,COMPLETE
113,125.55999999999999,2026-02-07 01:34:30.587720,2026-02-07 01:35:50.974953,0 days 00:01:20.387233,1.444945844281619e-05,0.00039278535806919033,-2.4453708482159286,5.7515073706301205,5.461556260077209,COMPLETE
114,128.52,2026-02-07 01:35:50.991011,2026-02-07 01:37:14.144461,0 days 00:01:23.153450,9.35980399004461e-05,0.0004913584856258866,-2.7928776735010503,4.148675172301484,6.5316438095418246,COMPLETE
115,117.84,2026-02-07 01:37:14.147920,2026-02-07 01:38:35.857449,0 days 00:01:21.709529,7.423928681989773e-05,0.00040766838325284675,-2.8932055106912355,5.043491711885051,2.4741446730239587,COMPLETE
116,132.5,2026-02-07 01:38:35.860722,2026-02-07 01:39:57.206465,0 days 00:01:21.345743,1.2654423911930176e-05,0.0001960247805129332,-3.780555892596642,7.215494845040242,0.7357671053275728,COMPLETE
117,179.56,2026-02-07 01:39:57.209557,2026-02-07 01:41:18.556870,0 days 00:01:21.347313,1.127876843868604e-05,0.00046200129323121494,-1.9140757662712107,6.611949442968877,5.232730151895996,COMPLETE
118,126.0,2026-02-07 01:41:18.560469,2026-02-07 01:42:40.595094,0 days 00:01:22.034625,1.0033998813563886e-05,0.0004665429262131539,-1.9289662284650344,7.752609029910723,4.711941475833333,COMPLETE
119,112.47999999999999,2026-02-07 01:42:40.598225,2026-02-07 01:44:02.604432,0 days 00:01:22.006207,1.68295489893811e-05,0.00043464699737082076,-2.082203972454115,6.564197519778862,5.237285869664969,COMPLETE
120,107.92,2026-02-07 01:44:02.607583,2026-02-07 01:45:24.872676,0 days 00:01:22.265093,1.1694906018698305e-05,0.00045200930235607774,-2.2141189545088698,5.975914467053065,4.9704051429737035,COMPLETE
121,110.08,2026-02-07 01:45:24.875815,2026-02-07 01:46:50.129685,0 days 00:01:25.253870,0.0001579754379383804,0.0004920435705700005,-1.0342915764335843,6.836049183344309,6.274110187523925,COMPLETE
122,136.14000000000001,2026-02-07 01:46:50.132973,2026-02-07 01:48:13.206308,0 days 00:01:23.073335,1.3648072082053892e-05,0.0003786767898416995,-3.378664240194581,5.758465596732825,5.7719591954349445,COMPLETE
123,133.94,2026-02-07 01:48:13.209481,2026-02-07 01:49:35.868861,0 days 00:01:22.659380,5.4330505258955575e-05,0.00032374423480776866,-2.460112498474265,9.859718700075593,4.388484637035006,COMPLETE
124,153.82,2026-02-07 01:49:35.871963,2026-02-07 01:50:58.486622,0 days 00:01:22.614659,1.9471147735972687e-05,0.00042123158257015113,-1.4078590781232545,4.948071525172378,4.130996085867009,COMPLETE
125,112.35999999999999,2026-02-07 01:50:58.489646,2026-02-07 01:52:20.683781,0 days 00:01:22.194135,1.1363311431983198e-05,0.0004168133611781369,-1.3461340255828813,4.793398168667016,3.5083987988966996,COMPLETE
126,126.96,2026-02-07 01:52:20.686977,2026-02-07 01:53:43.522522,0 days 00:01:22.835545,1.4259627643547516e-05,0.00034812543024778945,-1.7520013003990207,6.399908014472706,4.050912842104535,COMPLETE
127,125.82000000000001,2026-02-07 01:53:43.525899,2026-02-07 01:55:06.027819,0 days 00:01:22.501920,0.00024399895806818492,0.00045447722530833146,-1.5266194924028187,2.2433794084222156,3.695766310740668,COMPLETE
128,115.24000000000001,2026-02-07 01:55:06.031143,2026-02-07 01:56:30.181433,0 days 00:01:24.150290,4.046228191576533e-05,0.0004001549664108941,-1.6290683847700964,5.451742975064992,4.63167451234306,COMPLETE
129,118.12,2026-02-07 01:56:30.185414,2026-02-07 01:57:53.166872,0 days 00:01:22.981458,1.724841106689562e-05,0.00042848791050709693,-1.8646853228166411,1.7732107591853348,4.215639005722469,COMPLETE
130,123.2,2026-02-07 01:57:53.170137,2026-02-07 01:59:16.027530,0 days 00:01:22.857393,1.2964468508565773e-05,0.00047290928356435286,-1.4610804800331312,7.1689904346615485,5.151440028703439,COMPLETE
131,129.40000000000003,2026-02-07 01:59:16.030936,2026-02-07 02:00:39.084474,0 days 00:01:23.053538,0.00010700315539069249,0.00016486681115635273,-2.6525474982221935,6.182926685843642,3.1196213004286397,COMPLETE
132,137.12,2026-02-07 07:43:32.999973,2026-02-07 07:44:57.193816,0 days 00:01:24.193843,2.6669839101241833e-05,0.000306880793177161,-3.0945761735045774,4.5239535849192976,4.88802372410866,COMPLETE
133,112.75999999999999,2026-02-07 07:44:57.198454,2026-02-07 07:46:12.777447,0 days 00:01:15.578993,1.9339677908054208e-05,0.00036751504132595227,-2.979546068951657,5.142472638744825,0.5668941271541665,COMPLETE
134,115.4,2026-02-07 07:46:12.780877,2026-02-07 07:47:28.199665,0 days 00:01:15.418788,2.3407284527790812e-05,0.000490523212002542,-2.2709080412099065,0.8726007174661232,0.920570169779746,COMPLETE
135,113.78000000000002,2026-02-07 07:47:28.203034,2026-02-07 07:48:44.444840,0 days 00:01:16.241806,1.6148140194294967e-05,0.00043575943923559513,-3.1812009697930406,4.239219034701364,2.2626743592267093,COMPLETE
136,130.82,2026-02-07 07:48:44.448203,2026-02-07 07:50:00.647742,0 days 00:01:16.199539,1.1033897690563508e-05,0.00027618725551686066,-1.2665625892016292,1.378650610436308,1.380750607176834,COMPLETE
137,101.92,2026-02-07 07:50:00.651478,2026-02-07 07:51:17.759686,0 days 00:01:17.108208,8.727695681201979e-05,0.000356503847296585,-0.8165540424256601,3.7224276775001996,5.461771500153118,COMPLETE
138,162.86,2026-02-07 07:51:17.774501,2026-02-07 07:52:34.917692,0 days 00:01:17.143191,6.243056787252508e-05,0.0003922983612485245,-2.526347773966862,4.964386318050224,4.396347465150719,COMPLETE
139,131.01999999999998,2026-02-07 07:52:34.920968,2026-02-07 07:53:52.359915,0 days 00:01:17.438947,7.33972954133563e-05,0.0003933910362283252,-2.0245179321428766,5.88769433566265,4.223239774763542,COMPLETE
140,130.72,2026-02-07 07:53:52.363017,2026-02-07 07:55:08.520716,0 days 00:01:16.157699,5.7303131515527665e-05,0.00041516232488875485,-2.4647922236833684,5.579276768168317,4.383107053014874,COMPLETE
141,128.7,2026-02-07 07:55:08.524226,2026-02-07 07:56:25.534162,0 days 00:01:17.009936,6.439235483059926e-05,0.0004554059619526168,-2.3282879697553915,8.201229798378973,3.9489927655592902,COMPLETE
142,122.8,2026-02-07 07:56:25.537424,2026-02-07 07:57:42.345151,0 days 00:01:16.807727,0.00012829317001607175,0.00037498435013863616,-2.5819772038760713,4.87632345891182,4.856732572536883,COMPLETE
143,135.24,2026-02-07 07:57:42.348330,2026-02-07 07:58:59.014407,0 days 00:01:16.666077,4.873335718740814e-05,0.00023116462351527764,-2.7025319454840613,4.414207748570627,4.525591206959424,COMPLETE
144,96.08,2026-02-07 07:58:59.017878,2026-02-07 08:00:17.843487,0 days 00:01:18.825609,1.2875880050087278e-05,0.0003338872186247861,-2.86414574108681,5.348058126198373,1.2232185688089752,COMPLETE
145,128.22,2026-02-07 08:00:17.846798,2026-02-07 08:01:35.032727,0 days 00:01:17.185929,3.448948408043483e-05,0.0004676389172868295,-1.4178154121638171,5.160164316708372,8.355373211314848,COMPLETE
146,144.72,2026-02-07 08:01:35.036032,2026-02-07 08:02:52.325237,0 days 00:01:17.289205,1.4837119335309652e-05,0.00040444788429889995,-2.775248616556698,5.652643797083266,5.071203211883384,COMPLETE
147,129.85999999999999,2026-02-07 08:02:52.328758,2026-02-07 08:04:09.522387,0 days 00:01:17.193629,4.350126034506549e-05,0.00040084454956704506,-2.632745879425688,6.460493473926902,5.300836339431255,COMPLETE
148,116.46000000000001,2026-02-07 08:04:09.525512,2026-02-07 08:05:27.136643,0 days 00:01:17.611131,1.028097479106121e-05,0.0004393851812545181,-1.0092608576083928,6.136574518441706,5.072961264598406,COMPLETE
149,113.17999999999999,2026-02-07 08:05:27.139812,2026-02-07 08:06:44.127494,0 days 00:01:16.987682,1.5273853124447952e-05,0.0004203582858562347,-2.173471916895268,6.866960027074224,3.3166675847288807,COMPLETE
150,131.6,2026-02-07 08:06:44.130886,2026-02-07 08:08:01.493922,0 days 00:01:17.363036,0.00020403668450639855,0.0004957982281859522,-2.7787434943080433,5.716153716185417,5.621834638841591,COMPLETE
151,124.4,2026-02-07 08:08:01.497251,2026-02-07 08:09:18.732154,0 days 00:01:17.234903,1.1744790450846912e-05,0.000389119070296092,-2.3450891755711862,1.868749642233579,6.004131184159657,COMPLETE
152,146.48,2026-02-07 08:09:18.735460,2026-02-07 08:10:36.052120,0 days 00:01:17.316660,2.1677303035754333e-05,0.0001122618859964446,-2.9812489253714345,2.1969849004128426,4.680353074394942,COMPLETE
153,127.8,2026-02-07 08:10:36.055291,2026-02-07 08:11:52.918229,0 days 00:01:16.862938,1.9086850530130212e-05,0.00010922974978102177,-3.004304102416878,2.2375189623927763,4.598806678641412,COMPLETE
154,116.42,2026-02-07 08:11:52.921465,2026-02-07 08:13:10.865609,0 days 00:01:17.944144,1.3888596561952811e-05,0.00011408118852610588,-2.5445304535690574,1.368945026181843,4.777898200080477,COMPLETE
155,121.3,2026-02-07 08:13:10.868795,2026-02-07 08:14:28.066153,0 days 00:01:17.197358,6.781584680521333e-05,0.00046433802633107584,-2.9396808928704505,2.726156359177985,4.986623136496543,COMPLETE
156,123.2,2026-02-07 08:14:28.069304,2026-02-07 08:15:45.271199,0 days 00:01:17.201895,1.614936438040985e-05,0.0001318240659558352,-2.7307562988366865,1.9657699615177102,2.9128464703627075,COMPLETE
157,104.85999999999999,2026-02-07 08:15:45.274751,2026-02-07 08:17:02.924737,0 days 00:01:17.649986,7.833056095044507e-05,7.669134340229532e-05,-3.2735725664330544,4.731456189673521,4.117787431136716,COMPLETE
158,133.4,2026-02-07 08:17:02.927918,2026-02-07 08:18:20.634986,0 days 00:01:17.707068,2.2325113494201288e-05,6.667493152077347e-05,-3.1405640733882603,3.9218158736593196,3.8590411864363254,COMPLETE
159,126.18000000000002,2026-02-07 08:18:20.638290,2026-02-07 08:19:38.208662,0 days 00:01:17.570372,1.201642642372739e-05,0.00010443404424064698,-1.5686537076284166,1.6097771814378374,5.236432353105017,COMPLETE
160,112.61999999999998,2026-02-07 08:19:38.211970,2026-02-07 08:20:55.873461,0 days 00:01:17.661491,1.4472810600796995e-05,8.941550444464145e-05,-2.4810790824355218,4.940829335370037,4.830114007045768,COMPLETE
161,117.42,2026-02-07 08:20:55.876747,2026-02-07 08:22:13.390516,0 days 00:01:17.513769,9.402568917402344e-05,0.0004408068139269118,-3.5502766833501065,2.407372016420435,4.418814539486789,COMPLETE
162,,2026-02-07 20:45:27.142858,2026-02-07 20:45:31.292942,0 days 00:00:04.150084,3.0044645680349643e-05,0.0003552322511717854,-2.8872477300759227,2.1022150708593426,0.5005814030376745,FAIL
163,116.62,2026-02-08 15:08:37.592517,2026-02-08 15:10:01.906162,0 days 00:01:24.313645,5.2983074234347684e-05,0.0008160998092171706,-1.7771750339623662,3.1541788302925733,5.383081800029125,COMPLETE
164,166.42000000000002,2026-02-08 15:10:01.926617,2026-02-08 15:11:26.454660,0 days 00:01:24.528043,2.0309978430972193e-05,0.0005913918253424524,-1.674370597711032,5.526592179929733,12.91714801238487,COMPLETE
165,156.62,2026-02-08 15:11:26.457968,2026-02-08 15:12:44.917929,0 days 00:01:18.459961,2.064854680807168e-05,0.0005640140565187383,-1.7250189495921422,5.557481001564474,13.337951376443463,COMPLETE
166,121.43999999999998,2026-02-08 15:12:44.921237,2026-02-08 15:14:04.897340,0 days 00:01:19.976103,2.12346713611187e-05,0.0005748326866197789,-1.886639136492358,5.562904290042438,13.001059799848983,COMPLETE
167,139.95999999999998,2026-02-08 15:14:04.900721,2026-02-08 15:15:24.309125,0 days 00:01:19.408404,2.9816010067080403e-05,0.0005357990091643782,-1.652055301835471,6.007539391220701,12.380277459981375,COMPLETE
168,126.17999999999999,2026-02-08 15:15:24.312405,2026-02-08 15:16:43.488981,0 days 00:01:19.176576,2.524194370362523e-05,0.0006076224890859157,-2.056509856249981,5.895188270393053,13.100021970668239,COMPLETE
169,146.88000000000002,2026-02-08 15:16:43.492552,2026-02-08 15:18:05.412419,0 days 00:01:21.919867,1.652098375467931e-05,0.0006594375214653099,-1.7636772244153176,5.276149988043076,13.65351317094434,COMPLETE
170,123.46000000000001,2026-02-08 15:18:05.416078,2026-02-08 15:19:37.024294,0 days 00:01:31.608216,1.8350589740281642e-05,0.000666428901723842,-1.7913840154686023,5.350875885390586,13.740664158086114,COMPLETE
171,117.78,2026-02-08 15:19:37.029264,2026-02-08 15:20:59.471280,0 days 00:01:22.442016,1.6964689372665078e-05,0.0005315216610612099,-1.9481961930953813,5.250099750290702,15.11447720977877,COMPLETE
172,97.54,2026-02-08 15:20:59.474612,2026-02-08 15:22:20.203782,0 days 00:01:20.729170,1.002780835544799e-05,0.000579016442155117,-1.70043366409347,5.6604889065247,19.619562987440368,COMPLETE
173,160.14000000000001,2026-02-08 15:22:20.207098,2026-02-08 15:23:39.102055,0 days 00:01:18.894957,2.0185652533373744e-05,0.0008816739925850286,-1.7206528966092576,5.001365148741047,13.090426091064725,COMPLETE
174,129.76000000000002,2026-02-08 15:23:39.105520,2026-02-08 15:24:59.148075,0 days 00:01:20.042555,2.135992402081664e-05,0.0009328167105890447,-1.711003844712915,5.519186091727272,14.035038958722673,COMPLETE
175,154.48,2026-02-08 15:24:59.151306,2026-02-08 15:26:19.122950,0 days 00:01:19.971644,1.976325748663703e-05,0.0006860330734201405,-1.6188533983567055,5.092364752071079,12.047111856543584,COMPLETE
176,109.58,2026-02-08 15:26:19.126267,2026-02-08 15:27:39.038505,0 days 00:01:19.912238,2.451649178014054e-05,0.0007051441800784575,-1.6294878788744718,5.158149816871398,12.456332425499669,COMPLETE
177,129.38,2026-02-08 15:27:39.041915,2026-02-08 15:28:59.127267,0 days 00:01:20.085352,1.9250635882337417e-05,0.0006008545515739902,-1.5899811682649627,4.935671004636511,13.635284997989682,COMPLETE
178,136.9,2026-02-08 15:28:59.130446,2026-02-08 15:30:19.209848,0 days 00:01:20.079402,2.8726004022589058e-05,0.0005396319283274439,-1.7299315107114666,5.016576296141986,12.123027339893264,COMPLETE
179,125.61999999999998,2026-02-08 15:30:19.213058,2026-02-08 15:31:38.929476,0 days 00:01:19.716418,1.585893268802375e-05,0.0006592755758981969,-1.8809195208309413,4.690201283180884,14.513909505165605,COMPLETE
180,145.57999999999998,2026-02-08 15:31:38.932765,2026-02-08 15:33:01.859319,0 days 00:01:22.926554,0.0005511765000606199,0.0006322848992119546,-1.8092966444339644,5.393333230400274,12.879910239406883,COMPLETE
181,99.46000000000001,2026-02-08 15:33:01.870524,2026-02-08 15:34:22.496157,0 days 00:01:20.625633,0.001017667645354791,0.00062244827748187,-1.8240283519159548,5.301498151767897,12.83349224088062,COMPLETE
182,125.94000000000001,2026-02-08 15:34:22.499590,2026-02-08 15:35:41.928678,0 days 00:01:19.429088,0.0013472839352186919,0.0005591075093062419,-1.656808611128733,5.444401092239748,11.469969992032079,COMPLETE
183,151.04,2026-02-08 15:35:41.932131,2026-02-08 15:37:03.788522,0 days 00:01:21.856391,1.8929765973305214e-05,0.0006980462032639107,-1.7448889053292889,5.735127686639432,13.505612730882877,COMPLETE
184,133.58,2026-02-08 15:37:03.791884,2026-02-08 15:38:24.176387,0 days 00:01:20.384503,0.0006646107801785745,0.0007420184739649912,-1.7359257250405555,5.827411463222838,13.419762334522096,COMPLETE
185,149.18,2026-02-08 15:38:24.179719,2026-02-08 15:39:44.199104,0 days 00:01:20.019385,0.0005129543211532967,0.0006864439041819079,-1.8261842072343448,2.1000513255448348,14.400879062306652,COMPLETE
186,150.33999999999997,2026-02-08 15:39:44.202532,2026-02-08 15:41:05.507421,0 days 00:01:21.304889,2.0715487739532038e-05,0.0006861210972574197,-1.9803263457172566,2.201877345499312,15.050823098935332,COMPLETE
187,134.72,2026-02-08 15:41:05.510782,2026-02-08 15:42:29.582498,0 days 00:01:24.071716,1.8310993713221412e-05,0.0006885296788686909,-1.9403945839080157,2.078753026352886,15.668099111937812,COMPLETE
188,124.38,2026-02-08 15:42:29.586198,2026-02-08 15:43:49.746348,0 days 00:01:20.160150,2.4895208680618234e-05,0.000680794524462701,-1.5892457015076848,6.169593599226999,14.325537437953056,COMPLETE
189,126.73999999999998,2026-02-08 15:43:49.749554,2026-02-08 15:45:10.363729,0 days 00:01:20.614175,1.9519431235943856e-05,0.000734577725774194,-1.8898628583266261,1.7528500990674925,14.641520673193456,COMPLETE
190,156.48000000000002,2026-02-08 15:45:10.367086,2026-02-08 15:46:28.604915,0 days 00:01:18.237829,0.0008605191942943958,0.0008435106640593805,-1.995365362772099,5.128317820122901,15.662941086331713,COMPLETE
191,146.45999999999998,2026-02-08 15:46:28.608244,2026-02-08 15:47:48.732634,0 days 00:01:20.124390,0.0014880331596067344,0.0007918568405694909,-2.0081182739892576,5.103163502055727,16.39817569521141,COMPLETE
192,124.14000000000001,2026-02-08 15:47:48.735916,2026-02-08 15:49:09.675542,0 days 00:01:20.939626,0.00041754230612747474,0.0008708789431237836,-1.6857831646547852,4.576338528731441,16.007309255399615,COMPLETE
193,123.76000000000002,2026-02-08 16:57:12.550084,2026-02-08 16:58:29.025866,0 days 00:01:16.475782,0.000786095532682719,0.000836100301166911,-1.8303128271195555,4.870539125957311,15.139077747595914,COMPLETE
194,157.4,2026-02-08 16:58:29.030455,2026-02-08 16:59:48.791337,0 days 00:01:19.760882,0.0002924664089739793,0.0006430605855525705,-1.7575827830017174,5.2465696961416715,13.437901546901148,COMPLETE
195,124.83999999999999,2026-02-08 16:59:48.795323,2026-02-08 17:01:11.120202,0 days 00:01:22.324879,0.0005022454538021443,0.0005929076473680372,-1.7472389949312956,4.345813733525543,13.398128073260702,COMPLETE
196,145.34,2026-02-08 17:01:11.123724,2026-02-08 17:02:30.501240,0 days 00:01:19.377516,0.00031136087130626363,0.0006479622559522844,-1.839162168574418,5.240015137563453,14.017319104045223,COMPLETE
197,118.4,2026-02-08 17:02:30.504649,2026-02-08 17:03:55.033816,0 days 00:01:24.529167,0.0009460715336665641,0.000770896331838534,-1.9848057112257012,5.495489496769615,13.317086569203141,COMPLETE
198,134.26,2026-02-08 17:03:55.037044,2026-02-08 17:05:15.496668,0 days 00:01:20.459624,0.0007688504576405631,0.0006420555693713482,-1.7646994757647627,5.067473105371434,11.928399437854454,COMPLETE
199,117.82000000000001,2026-02-08 17:05:15.499907,2026-02-08 17:06:35.112248,0 days 00:01:19.612341,0.00026272947257452374,0.0007165565336060035,-1.617667588046174,5.778513998319252,14.905729724597663,COMPLETE
200,146.26,2026-02-08 17:06:35.115543,2026-02-08 17:07:53.178890,0 days 00:01:18.063347,0.00031567614863774673,0.0005189722801595233,-1.9205643044065401,4.826686110477718,15.629828668951003,COMPLETE
201,129.04000000000002,2026-02-08 17:07:53.182068,2026-02-08 17:09:10.918161,0 days 00:01:17.736093,0.00037482740522425085,0.0005572396742640471,-1.694084352228592,5.56650762520982,13.892438299170344,COMPLETE
202,159.48000000000002,2026-02-08 17:09:10.921845,2026-02-08 17:10:30.357067,0 days 00:01:19.435222,0.0005074408283121649,0.0009306551087977659,-2.1079441422604495,5.2012695473257065,17.032633223598086,COMPLETE
203,166.34,2026-02-08 17:10:30.360459,2026-02-08 17:11:54.315223,0 days 00:01:23.954764,0.000476885620067463,0.0009310768565236706,-2.147527044929783,5.232219978309602,17.001462164557672,COMPLETE
204,139.02,2026-02-08 17:11:54.318513,2026-02-08 17:13:12.870503,0 days 00:01:18.551990,0.0005326685558509863,0.0009711912110973544,-2.0753537168115486,4.996960321594109,17.542105926484115,COMPLETE
205,152.3,2026-02-08 17:13:12.873821,2026-02-08 17:14:32.459167,0 days 00:01:19.585346,0.000508330196097253,0.0009332409241981697,-2.144248277726867,5.89596550848498,17.881835195326236,COMPLETE
206,127.44000000000001,2026-02-08 17:14:32.462508,2026-02-08 17:15:52.358921,0 days 00:01:19.896413,0.0005697064013331682,0.000898888294104919,-2.187613478575411,6.269128952154561,17.008900274134607,COMPLETE
207,148.3,2026-02-08 17:15:52.362274,2026-02-08 17:17:11.473219,0 days 00:01:19.110945,0.0004871501558816774,0.0009213260073727625,-2.1403659234704993,6.003388655962166,17.96286277582461,COMPLETE
208,154.07999999999998,2026-02-08 17:17:11.476761,2026-02-08 17:18:32.299554,0 days 00:01:20.822793,0.00043958419436813576,0.0008624578527798921,-2.1436650205668344,5.164726670959238,17.823175542238694,COMPLETE
209,144.3,2026-02-08 17:18:32.302823,2026-02-08 17:19:53.730268,0 days 00:01:21.427445,0.0006470781953428954,0.0009989093743370803,-2.1193490537246835,5.190026733412628,17.733119723021424,COMPLETE
210,141.7,2026-02-08 17:19:53.733714,2026-02-08 17:21:14.565124,0 days 00:01:20.831410,0.0005972563447493162,0.0008719372673124561,-2.020536310966027,5.675635539670442,18.541291190722752,COMPLETE
211,140.16,2026-02-08 17:21:14.568499,2026-02-08 17:22:35.914900,0 days 00:01:21.346401,0.00041871186452632807,0.0008659644450258977,-2.0992093068573743,4.745160477951787,17.12113607601322,COMPLETE
212,118.01999999999998,2026-02-08 17:22:35.918185,2026-02-08 17:23:56.300525,0 days 00:01:20.382340,0.00037553910261831335,0.0009369728501830599,-2.2628964027638707,5.452853031199762,17.002385149048834,COMPLETE
213,122.9,2026-02-08 17:23:56.303616,2026-02-08 17:25:15.478233,0 days 00:01:19.174617,0.00046075214813274124,0.0008393634768621781,-1.9219358771410866,5.15822790848624,18.338283856105733,COMPLETE
214,130.66,2026-02-08 17:25:15.481588,2026-02-08 17:26:34.757959,0 days 00:01:19.276371,0.0003669242155739682,0.0007948700600980066,-1.9666858439146235,5.007995964478088,18.312855220867366,COMPLETE
215,140.24,2026-02-08 17:26:34.761187,2026-02-08 17:27:53.778025,0 days 00:01:19.016838,0.00045000736452466077,0.0009063377527277071,-1.5617456397559903,5.301301172290157,16.666758895670817,COMPLETE
216,138.64000000000001,2026-02-08 17:27:53.781123,2026-02-08 17:29:20.084063,0 days 00:01:26.302940,0.0018133356727029145,0.0009537437272855737,-2.3853226266827523,4.6424285987576175,18.93126169603339,COMPLETE
217,143.78000000000003,2026-02-08 17:29:20.087405,2026-02-08 17:30:39.072131,0 days 00:01:18.984726,0.0008275105761015534,0.0006222363428218208,-1.8612377460226615,7.387181708608957,10.170394011667563,COMPLETE
