number,value,datetime_start,datetime_complete,duration,params_ENT_COEF,params_LEARNING_RATE,params_PENALTY_STAGNATION_FORCE,params_REWARD_DISTANCE_DIFF_SCALE,params_REWARD_SURVIVAL_SCALE,state
226,131.5,53:59.0,55:16.3,0 days 00:01:17.316621,1.13E-05,0.000512352,-1.715258753,5.30610405,5.31820167,COMPLETE
227,121.72,55:16.3,56:34.1,0 days 00:01:17.742509,0.000537947,0.000574493,-2.281038155,1.444310261,5.903298,COMPLETE
228,112.62,56:34.1,57:52.1,0 days 00:01:18.065141,0.000335814,0.000729424,-2.057427137,1.653806946,16.38064358,COMPLETE
229,118.7,57:52.1,59:10.3,0 days 00:01:18.200884,0.000269969,0.000548972,-1.907743311,5.071428142,17.29558761,COMPLETE
230,131.32,59:10.3,00:28.3,0 days 00:01:17.928716,0.000215535,0.000636532,-1.648477798,5.484613972,17.91905061,COMPLETE
231,146.96,00:28.3,01:46.9,0 days 00:01:18.671535,2.05E-05,0.000849138,-1.800961862,5.845600187,15.7037219,COMPLETE
232,122.2,01:46.9,03:06.0,0 days 00:01:19.112922,2.73E-05,0.000806638,-1.981140294,5.260750956,14.82459517,COMPLETE
233,131.8,03:06.1,04:25.3,0 days 00:01:19.263084,0.000448569,0.000899145,-2.139885078,6.520066441,17.86292481,COMPLETE
234,128.78,04:25.3,05:46.2,0 days 00:01:20.899922,0.000660626,0.000940076,-2.157323498,6.123045764,18.09683677,COMPLETE
235,130.92,05:46.2,09:30.7,0 days 00:03:44.508703,0.000515001,0.000995432,-4.521986839,5.878638404,13.53963217,COMPLETE
236,136.1,09:30.7,10:50.3,0 days 00:01:19.526322,0.00052164,0.000924536,-2.112786268,5.628376644,6.761312873,COMPLETE
237,153.98,10:50.3,12:08.0,0 days 00:01:17.746745,1.24E-05,0.000904396,-1.762374021,5.4005236,15.35718801,COMPLETE
238,137.38,12:08.0,13:25.3,0 days 00:01:17.277831,1.33E-05,0.000680668,-1.766783403,5.39924186,5.261328223,COMPLETE
239,120.54,13:25.3,14:43.2,0 days 00:01:17.896637,1.22E-05,0.000625911,-1.697247461,2.010296811,13.0719381,COMPLETE
240,128.28,14:43.2,16:01.3,0 days 00:01:18.082974,1.04E-05,0.000767543,-1.838741185,4.943531207,15.30507887,COMPLETE
241,134.28,16:01.3,17:18.7,0 days 00:01:17.383703,1.85E-05,0.000519161,-2.511020196,5.173046423,16.6217592,COMPLETE
242,160.32,17:18.7,18:35.3,0 days 00:01:16.680708,2.37E-05,0.00059925,-1.573567373,5.645808303,15.45839146,COMPLETE
243,144.76,18:35.4,19:53.7,0 days 00:01:18.362943,2.53E-05,0.000564031,-1.576798887,5.610984338,15.58336995,COMPLETE
244,143.34,19:53.7,21:12.2,0 days 00:01:18.477455,2.22E-05,0.000603134,-1.668481872,5.38808535,15.33156051,COMPLETE
245,120.5,21:12.2,22:33.1,0 days 00:01:20.949472,6.05E-05,0.000660496,-1.546575646,5.118563248,16.00989635,COMPLETE
246,112.88,22:33.2,23:54.7,0 days 00:01:21.575124,1.74E-05,0.000580419,-1.739472772,5.720840384,15.97862495,COMPLETE
247,124.18,23:54.7,25:14.4,0 days 00:01:19.655200,2.02E-05,0.000875392,-1.655148494,5.520470197,14.85893071,COMPLETE
248,123.32,25:14.4,26:32.8,0 days 00:01:18.421520,1.14E-05,0.000646146,-1.738483689,6.309613797,12.70599785,COMPLETE
249,118.3,26:32.8,27:48.9,0 days 00:01:16.108621,2.33E-05,0.000703612,-1.890938861,4.861417526,5.731249591,COMPLETE
250,144.36,27:48.9,29:06.9,0 days 00:01:17.994808,3.01E-05,0.000966788,-1.590300887,5.281533746,14.1828846,COMPLETE
251,113.74,29:06.9,30:24.8,0 days 00:01:17.843989,3.75E-05,0.000612322,-2.593771045,2.550704175,9.324886204,COMPLETE
252,128.18,30:24.8,31:45.7,0 days 00:01:20.908895,1.48E-05,0.000837673,-1.789794648,5.995489809,5.274068322,COMPLETE
253,152.02,34:01.4,35:18.3,0 days 00:01:16.884570,1.27E-05,0.000883848,-1.995505451,1.256747274,14.57514186,COMPLETE
254,107.96,35:18.3,36:35.4,0 days 00:01:17.136051,1.27E-05,0.00088327,-1.979684974,1.199249833,14.50257815,COMPLETE
255,131.04,36:35.4,37:54.6,0 days 00:01:19.177497,1.80E-05,0.000915194,-2.018012716,0.934486274,15.12023579,COMPLETE
256,148.44,37:54.6,39:12.7,0 days 00:01:18.058400,1.00E-05,0.000800931,-1.912685042,1.197229767,10.58116845,COMPLETE
257,138.28,39:12.7,40:34.8,0 days 00:01:22.164411,8.04E-05,0.000904382,-1.633926616,1.723248558,6.200877777,COMPLETE
258,124.48,40:34.8,42:03.8,0 days 00:01:28.932939,3.25E-05,0.000848956,-2.218731795,4.96128019,15.36031169,COMPLETE
259,137.28,42:03.8,43:22.8,0 days 00:01:19.079618,2.04E-05,0.000952914,-2.070449108,2.238917459,13.88224986,COMPLETE
260,161.04,43:22.9,44:42.2,0 days 00:01:19.374378,1.59E-05,0.000726441,-1.735940796,1.888697576,13.37520638,COMPLETE
261,135.96,44:42.2,46:01.4,0 days 00:01:19.131483,1.58E-05,0.00080312,-1.7127685,7.003435826,13.01908854,COMPLETE
262,141.9,46:01.4,47:20.0,0 days 00:01:18.617605,1.41E-05,0.000509552,-1.547548953,0.707570735,13.30975927,COMPLETE
263,138.06,47:20.0,48:38.3,0 days 00:01:18.351508,1.69E-05,0.000752113,-1.660016566,1.30623557,12.38738235,COMPLETE
264,130.88,48:38.3,50:02.2,0 days 00:01:23.907068,1.35E-05,0.000724114,-2.4038115,1.570926914,13.53138571,COMPLETE
265,164.92,50:02.3,51:21.3,0 days 00:01:19.020823,2.30E-05,0.00099896,-1.774243213,1.915381049,18.78447274,COMPLETE
266,130.06,51:21.3,52:38.1,0 days 00:01:16.829521,2.37E-05,0.000955529,-1.736159906,1.753186092,19.34573656,COMPLETE
267,129.54,52:38.1,53:56.9,0 days 00:01:18.802671,2.19E-05,0.000972047,-1.855714416,1.844171803,18.99282415,COMPLETE
268,132.82,53:56.9,55:15.9,0 days 00:01:18.986271,1.89E-05,0.000903909,-1.951670047,4.546043349,18.4527338,COMPLETE
269,125.92,55:15.9,56:37.0,0 days 00:01:21.132149,1.61E-05,0.000860435,-1.795899646,5.143047904,12.64156368,COMPLETE
270,122.86,56:37.0,57:55.7,0 days 00:01:18.689780,1.14E-05,0.000920544,-1.643153706,1.929741182,16.23916825,COMPLETE
271,136.84,57:55.7,59:15.0,0 days 00:01:19.218671,2.49E-05,0.000994378,-2.04089293,4.718437896,18.7732908,COMPLETE
272,138.44,59:15.0,00:33.7,0 days 00:01:18.739347,2.82E-05,0.000670754,-1.786459971,1.445175524,17.45319804,COMPLETE
273,147.7,00:33.7,01:52.8,0 days 00:01:19.133471,1.96E-05,0.000298989,-1.55714283,5.379728147,13.26330751,COMPLETE
274,122.98,01:52.8,03:12.0,0 days 00:01:19.141123,1.39E-05,0.000584405,-1.712896391,5.592187014,5.654168925,COMPLETE
275,146.34,03:12.0,04:35.8,0 days 00:01:23.773356,2.19E-05,0.000836018,-1.894233712,2.369744399,13.80483625,COMPLETE
276,138.08,04:35.8,05:53.6,0 days 00:01:17.841333,0.000909093,0.000621546,-1.767237572,1.05464884,16.73225562,COMPLETE
277,134.4,05:53.6,07:12.7,0 days 00:01:19.114580,0.001168198,0.000881006,-2.29168661,5.05744276,5.274677427,COMPLETE
278,130.28,07:12.7,08:32.9,0 days 00:01:20.198269,0.000283831,0.000319665,-1.6043342,1.566008235,14.80464917,COMPLETE
279,130.14,08:32.9,09:52.8,0 days 00:01:19.868130,1.58E-05,0.000934197,-1.956554338,7.700414311,15.83268911,COMPLETE
280,128.24,09:52.8,11:11.9,0 days 00:01:19.145844,1.80E-05,0.000652052,-1.839406891,5.289758599,19.17830103,COMPLETE
281,118.72,11:11.9,12:31.3,0 days 00:01:19.321509,1.17E-05,0.000786326,-2.115358651,5.779198712,15.38374209,COMPLETE
282,141.24,12:31.3,13:51.0,0 days 00:01:19.736033,1.95E-05,0.000993976,-1.675851262,1.898011365,19.70127233,COMPLETE
283,139.56,14:16.8,15:38.3,0 days 00:01:21.571885,2.57E-05,0.000284693,-2.202792591,5.476336584,12.00076902,COMPLETE
284,137.02,15:38.3,17:00.7,0 days 00:01:22.412121,1.27E-05,0.000709382,-2.030830578,4.876426236,5.544352238,COMPLETE
285,166.12,17:00.8,18:27.2,0 days 00:01:26.438672,4.54E-05,0.00055072,-1.721579829,5.185237295,12.95426238,COMPLETE
286,142.56,18:27.2,19:52.9,0 days 00:01:25.690789,4.60E-05,0.000541337,-1.716879396,5.185682514,13.08487683,COMPLETE
287,136.5,19:52.9,21:18.0,0 days 00:01:25.090066,1.11E-05,0.000557591,-1.79975191,4.752239547,12.91077082,COMPLETE
288,126.5,21:18.0,22:44.6,0 days 00:01:26.575643,0.000408892,0.0005747,-1.604869949,4.98286054,13.38525647,COMPLETE
289,127,22:44.6,24:15.6,0 days 00:01:30.998277,3.89E-05,0.000599814,-1.666958647,5.656133587,6.032518383,COMPLETE
290,148.54,24:15.6,25:43.0,0 days 00:01:27.434102,6.04E-05,0.000885463,-1.548144014,5.357652065,19.96126409,COMPLETE
291,135,25:43.0,27:13.3,0 days 00:01:30.310728,1.49E-05,0.000532643,-1.752855728,3.530259539,13.68425976,COMPLETE
292,160.94,27:13.3,28:44.5,0 days 00:01:31.231366,5.27E-05,0.000937324,-1.875008848,5.501178943,11.66162042,COMPLETE
293,118.34,28:44.5,30:09.3,0 days 00:01:24.779576,5.14E-05,0.000938666,-1.945401514,5.231772985,11.60627313,COMPLETE
294,138.3,30:09.3,31:27.9,0 days 00:01:18.571561,5.36E-05,0.00094594,-1.841994553,5.062971075,12.1726307,COMPLETE
295,114.6,31:27.9,32:53.4,0 days 00:01:25.466402,4.30E-05,0.000995738,-1.905424616,4.415335718,11.60145806,COMPLETE
296,130.78,32:53.4,34:22.0,0 days 00:01:28.629387,6.72E-05,0.000858245,-1.61759428,5.474735639,17.67287673,COMPLETE
297,118.58,34:22.0,35:47.5,0 days 00:01:25.470744,4.60E-05,0.000893508,-1.87780922,5.129720002,5.308490418,COMPLETE
298,138.32,35:47.5,37:09.1,0 days 00:01:21.583303,5.60E-05,0.000335272,-1.818354422,4.623289517,12.46467004,COMPLETE
299,159.96,37:09.1,38:37.3,0 days 00:01:28.208061,3.51E-05,0.000823199,-1.708655237,5.542569839,12.69909535,COMPLETE
300,126.6,38:37.3,40:01.1,0 days 00:01:23.826880,3.65E-05,0.00025478,-1.692059887,5.548933427,12.72714852,COMPLETE
301,126.98,40:01.1,41:21.5,0 days 00:01:20.429057,4.82E-05,0.000823379,-1.73670538,5.917398474,17.14428975,COMPLETE
302,120.7,41:21.5,42:41.1,0 days 00:01:19.521187,6.04E-05,0.000352545,-1.546876269,5.345452905,12.21497217,COMPLETE
303,135.64,42:41.1,44:01.9,0 days 00:01:20.837973,4.26E-05,0.000816513,-1.634993089,5.653844425,16.85736402,COMPLETE
304,136.48,44:01.9,45:21.7,0 days 00:01:19.745902,3.42E-05,0.000934467,-1.783579275,4.893613699,18.200235,COMPLETE
305,149.64,45:21.7,46:41.4,0 days 00:01:19.764943,5.22E-05,0.000604718,-1.698002076,5.195638103,12.64029265,COMPLETE
306,101.38,46:41.4,48:01.3,0 days 00:01:19.859894,6.94E-05,0.000548709,-2.313095809,5.492698447,8.50971315,COMPLETE
307,120.94,48:01.3,49:20.9,0 days 00:01:19.648613,0.000337468,0.000850862,-1.642532785,4.984672696,13.03323799,COMPLETE
308,142.42,49:20.9,50:40.3,0 days 00:01:19.364767,3.79E-05,0.000588684,-1.542416082,8.034774825,5.276654878,COMPLETE
309,142.92,50:40.3,52:00.4,0 days 00:01:20.108132,2.88E-05,0.000412529,-1.766589863,5.365371484,7.914668827,COMPLETE
310,143.48,52:00.4,53:21.7,0 days 00:01:21.309512,3.17E-05,0.000901634,-2.174059852,6.164075919,5.862077691,COMPLETE
311,144.94,53:21.7,54:41.5,0 days 00:01:19.722632,4.06E-05,0.0005111,-1.860710664,5.798272742,5.167706631,COMPLETE
312,172.84,54:41.5,56:01.7,0 days 00:01:20.257192,1.00E-05,0.000956305,-1.699326284,4.815846139,18.72674372,COMPLETE
313,128.68,31:04.6,32:24.0,0 days 00:01:19.372616,9.31E-05,0.001115879,-1.306814814,4.721023098,10.24797385,COMPLETE
314,143.96,32:24.0,33:42.2,0 days 00:01:18.207066,8.21E-06,0.003025065,-1.38203638,4.84567702,10.10056461,COMPLETE
315,137.32,33:42.2,35:00.6,0 days 00:01:18.374214,9.14E-06,0.001129065,-1.499093372,3.988259119,10.03883399,COMPLETE
316,121.52,35:00.6,36:19.3,0 days 00:01:18.729735,4.22E-06,0.001800429,-1.164597422,5.111987231,10.05830471,COMPLETE
317,157.34,36:19.3,37:37.7,0 days 00:01:18.328533,8.94E-05,0.001061239,-1.467730241,4.495304295,10.06318126,COMPLETE
318,132.6,37:37.7,38:56.3,0 days 00:01:18.643581,9.36E-06,0.001030635,-1.505363529,4.629858307,11.06855753,COMPLETE
319,145.46,38:56.3,40:14.9,0 days 00:01:18.552634,8.91E-06,0.001036354,-1.419290835,4.38699133,10.09524453,COMPLETE
320,140.6,40:14.9,41:33.6,0 days 00:01:18.778999,8.85E-05,0.000515256,-1.45148547,4.252963037,10.06945013,COMPLETE
321,111.7,41:33.6,42:52.2,0 days 00:01:18.598529,7.60E-06,0.001513439,-1.229987317,4.980185104,10.8513636,COMPLETE
322,141,42:52.3,44:10.1,0 days 00:01:17.863023,7.05E-06,0.001063947,-1.490569221,4.764750125,21.57737139,COMPLETE
323,130.6,44:10.1,45:28.0,0 days 00:01:17.872257,8.91E-05,0.00052028,-2.528474142,5.197857413,10.42518567,COMPLETE
324,140.94,45:28.0,46:47.4,0 days 00:01:19.420096,8.17E-05,0.001220785,-1.400108671,4.550768449,10.31540171,COMPLETE
325,109.12,46:47.4,48:06.8,0 days 00:01:19.365037,9.38E-05,0.00052102,-2.676673817,5.327095117,10.07411679,COMPLETE
326,128.3,48:06.8,49:25.6,0 days 00:01:18.794157,9.71E-05,0.000521668,-1.332869492,5.088308105,10.5036636,COMPLETE
327,123.08,49:25.6,50:44.8,0 days 00:01:19.198484,1.07E-06,0.000518271,-2.58992172,4.939946716,10.0325776,COMPLETE
328,158.5,50:44.8,52:04.5,0 days 00:01:19.754017,9.60E-05,0.000551695,-1.482731306,5.474492614,10.05379874,COMPLETE
329,128.5,52:04.5,53:25.9,0 days 00:01:21.309211,7.67E-05,0.000548573,-1.493623748,5.475565733,11.28593838,COMPLETE
330,143.64,53:25.9,54:44.4,0 days 00:01:18.548543,9.44E-05,0.000563632,-1.093184591,5.612498244,10.79360955,COMPLETE
331,147.1,54:44.4,56:12.1,0 days 00:01:27.692793,8.61E-05,0.004787827,-1.714675858,5.296922227,10.05654748,COMPLETE
332,140.84,56:12.1,57:41.6,0 days 00:01:29.497271,9.50E-05,0.001074617,-1.60218547,5.468770671,18.71627224,COMPLETE
333,131.46,57:41.6,59:08.9,0 days 00:01:27.307243,8.34E-06,0.000545631,-2.479877961,5.7239792,10.07614419,COMPLETE
334,130.66,59:08.9,00:29.8,0 days 00:01:20.876710,8.37E-05,0.00053425,-1.681769923,5.083996053,10.06252185,COMPLETE
335,139.22,00:29.8,01:51.5,0 days 00:01:21.678249,9.73E-05,0.000571319,-1.777991397,7.265408639,11.29906527,COMPLETE
336,131.2,01:51.5,03:13.6,0 days 00:01:22.108844,7.75E-05,0.001037059,-1.720316319,8.497700922,10.71467635,COMPLETE
337,123.86,03:13.6,04:36.0,0 days 00:01:22.451945,9.68E-05,0.000536697,-1.631310678,5.272970736,10.05775262,COMPLETE
338,121.22,04:36.0,05:58.6,0 days 00:01:22.602267,9.37E-06,0.00055041,-1.825816135,5.501124392,12.86083802,COMPLETE
339,122,05:58.7,07:21.3,0 days 00:01:22.631178,7.59E-05,0.00057744,-1.467230916,4.829352636,11.84206219,COMPLETE
340,134.34,07:21.3,08:44.1,0 days 00:01:22.857299,4.94E-05,0.000591844,-1.760139811,5.984806972,11.76258994,COMPLETE
341,128.8,08:44.1,10:11.8,0 days 00:01:27.638638,9.68E-05,0.000643855,-1.679180483,6.825720186,12.48998904,COMPLETE
342,126.12,10:11.8,11:34.4,0 days 00:01:22.617071,1.06E-05,0.00051917,-1.72191441,5.226770419,11.05029926,COMPLETE
343,137.26,21:41.0,22:59.0,0 days 00:01:18.044399,6.92E-05,0.000620864,-1.589888939,5.695901029,13.25981659,COMPLETE
344,120.34,22:59.0,24:17.0,0 days 00:01:18.037017,8.41E-05,0.000550336,-1.800943631,5.44858772,10.06995349,COMPLETE
345,121.58,24:17.1,25:35.9,0 days 00:01:18.803062,9.72E-05,0.000569336,-2.651631425,2.806175588,10.3602826,COMPLETE
346,132.22,25:35.9,26:57.5,0 days 00:01:21.672420,5.72E-05,0.000605219,-1.661728711,6.351653643,16.20900239,COMPLETE
347,109.04,26:57.5,28:20.2,0 days 00:01:22.652284,4.50E-05,0.001513987,-1.875712812,4.994830558,13.2489718,COMPLETE
348,164.18,28:20.2,29:43.9,0 days 00:01:23.700085,9.57E-06,0.00102792,-2.552278475,5.222273984,15.46723069,COMPLETE
349,145.34,29:43.9,31:07.5,0 days 00:01:23.627992,6.79E-06,0.001021522,-2.606991922,5.161965738,10.07728944,COMPLETE
350,132.94,31:07.5,32:31.5,0 days 00:01:23.933817,8.42E-06,0.001065846,-2.498948248,4.783462461,12.89556431,COMPLETE
351,134.2,32:31.5,33:55.4,0 days 00:01:23.910728,9.49E-06,0.001141465,-2.582382836,4.57465512,10.06558762,COMPLETE
352,130.42,33:55.4,35:19.4,0 days 00:01:24.031163,6.42E-05,0.000523647,-2.538768159,5.631657294,15.51807814,COMPLETE
353,125.8,35:19.4,36:43.1,0 days 00:01:23.652003,2.38E-05,0.001000262,-2.712348121,5.28004843,12.26466653,COMPLETE
354,146.9,36:43.1,38:06.6,0 days 00:01:23.527793,9.74E-05,0.001748033,-2.483998606,5.060393703,20.21603605,COMPLETE
355,151.64,38:06.6,39:33.2,0 days 00:01:26.634673,8.46E-05,0.000633037,-2.419035013,5.861635755,10.04563815,COMPLETE
356,122.02,39:33.2,41:01.6,0 days 00:01:28.405184,1.05E-05,0.000758341,-1.497298154,3.052818198,12.63373514,COMPLETE
357,135.22,41:01.6,42:25.3,0 days 00:01:23.705476,7.58E-06,0.000514582,-1.59769143,4.876144655,19.24818435,COMPLETE
358,100.16,42:25.4,43:48.8,0 days 00:01:23.479804,7.24E-05,0.000562072,-1.670896461,5.383046765,18.56038325,COMPLETE
359,145.3,43:48.8,45:13.2,0 days 00:01:24.399809,9.81E-06,0.001219433,-2.39326818,5.57084345,16.48542648,COMPLETE
360,115.44,45:13.2,46:36.7,0 days 00:01:23.429712,9.78E-05,0.000598176,-1.163229189,5.257465168,15.87452876,COMPLETE
361,118.52,46:36.7,47:59.4,0 days 00:01:22.680409,5.24E-06,0.000535458,-2.097289111,5.031809475,10.07193906,COMPLETE
362,149.08,47:59.4,49:20.4,0 days 00:01:21.045614,2.21E-05,0.001092363,-2.649966613,4.751478702,13.50162325,COMPLETE
363,133.52,49:20.4,50:42.0,0 days 00:01:21.574717,8.80E-06,0.000581829,-1.826392657,5.184620385,12.94505001,COMPLETE
364,143.02,50:42.0,52:03.6,0 days 00:01:21.590830,2.66E-05,0.002305913,-1.714125039,5.83233094,10.41501115,COMPLETE
365,142.6,52:03.6,53:25.7,0 days 00:01:22.157965,1.16E-06,0.001200464,-1.547723013,4.141693946,13.21570434,COMPLETE
366,143.2,53:25.7,54:48.6,0 days 00:01:22.819478,2.19E-06,0.000968046,-2.550085331,9.249055011,12.00532679,COMPLETE
367,138.2,54:48.6,56:13.6,0 days 00:01:25.009665,4.08E-05,0.001030034,-1.625316494,4.470593429,10.03435018,COMPLETE
368,119.66,56:13.6,57:43.2,0 days 00:01:29.651491,8.67E-05,0.000512789,-1.939652181,5.567423492,11.3781329,COMPLETE
369,144.9,57:43.2,59:08.7,0 days 00:01:25.442797,9.75E-05,0.000624505,-1.762279611,4.969707563,11.15585732,COMPLETE
370,106.94,59:08.7,00:37.8,0 days 00:01:29.086612,5.03E-05,0.000542741,-2.446859935,5.363995944,12.35895509,COMPLETE
371,149.52,00:37.8,02:03.6,0 days 00:01:25.871059,4.66E-05,0.00134214,-1.274818255,6.108584522,16.20244419,COMPLETE
372,139.7,02:03.6,03:30.7,0 days 00:01:27.050116,6.37E-05,0.000977214,-1.879469347,7.557000323,17.30473857,COMPLETE
373,137.42,06:51.3,08:09.4,0 days 00:01:18.120817,2.12E-05,0.00065432,-1.45595265,5.692544719,18.93258266,COMPLETE
374,131.16,08:09.4,09:28.9,0 days 00:01:19.475377,9.73E-05,0.000564789,-1.662574602,5.095516758,10.05618944,COMPLETE
375,142.22,09:28.9,10:48.6,0 days 00:01:19.712913,5.70E-05,0.000811079,-2.250556692,5.461784136,11.71683891,COMPLETE
376,116.56,10:48.6,12:08.9,0 days 00:01:20.350226,7.73E-05,0.000590898,-1.804897897,4.709176332,18.13929421,COMPLETE
377,147.42,12:08.9,13:29.2,0 days 00:01:20.293002,2.34E-05,0.000536813,-1.72078389,5.21765484,13.08530393,COMPLETE
378,120.16,13:29.2,14:48.9,0 days 00:01:19.673444,5.40E-05,0.000740892,-2.056527494,6.661513024,12.63515677,COMPLETE
379,128.58,14:48.9,16:08.1,0 days 00:01:19.204364,3.48E-05,0.000513459,-1.376538743,4.940480037,10.85301823,COMPLETE
380,132.26,16:08.1,17:27.2,0 days 00:01:19.123144,9.83E-06,0.000784302,-1.538418174,5.29949949,10.04575852,COMPLETE
381,95.64,17:27.3,18:51.9,0 days 00:01:24.648073,8.55E-05,0.000621251,-1.595412822,5.969871617,13.57181188,COMPLETE
382,134.68,18:51.9,20:19.4,0 days 00:01:27.456048,4.39E-05,0.000673537,-1.743735273,5.538677346,10.60107737,COMPLETE
383,145.1,20:19.4,21:43.6,0 days 00:01:24.193368,9.71E-05,0.001004327,-1.861397656,3.545960308,10.03654382,COMPLETE
384,119.14,21:43.6,23:07.6,0 days 00:01:24.085319,2.02E-05,0.000847222,-1.634387022,5.769892626,15.70013724,COMPLETE
385,136.84,23:07.7,24:46.1,0 days 00:01:38.497404,1.06E-05,0.000515805,-1.921164613,4.88441596,12.90965411,COMPLETE
386,131.76,24:46.2,26:13.5,0 days 00:01:27.345825,9.82E-05,0.000563205,-2.353148223,5.134682829,10.04427673,COMPLETE
387,146.96,26:13.5,27:39.7,0 days 00:01:26.236666,2.56E-05,0.000591961,-1.798112419,5.438816366,14.06546107,COMPLETE
388,132.14,27:39.7,29:03.1,0 days 00:01:23.397494,8.83E-06,0.000952734,-1.68377999,6.450726584,16.86810273,COMPLETE
389,112.44,29:03.1,30:24.6,0 days 00:01:21.477631,1.81E-05,0.000540208,-1.73852867,4.50298804,18.78322109,COMPLETE
390,157.12,30:24.6,31:46.0,0 days 00:01:21.372053,7.89E-06,0.001049607,-1.99382496,5.704541899,17.65567643,COMPLETE
391,130.74,31:46.0,33:08.9,0 days 00:01:22.902971,7.65E-06,0.000976877,-2.002350889,6.054748886,13.37089752,COMPLETE
392,127.08,33:08.9,34:31.1,0 days 00:01:22.198260,7.15E-06,0.001054737,-1.961519695,5.739769454,10.03750341,COMPLETE
393,156.24,34:31.1,35:53.1,0 days 00:01:22.021070,6.02E-06,0.001145081,-1.901607414,6.234859127,12.79631477,COMPLETE
394,159.24,35:53.1,37:16.4,0 days 00:01:23.227890,7.01E-05,0.001171446,-1.915361156,6.127657315,12.64358081,COMPLETE
395,135.4,37:16.4,38:39.4,0 days 00:01:22.989204,6.57E-06,0.001155647,-1.97377249,6.223557918,12.52415172,COMPLETE
396,136.4,38:39.4,40:03.9,0 days 00:01:24.518510,4.53E-06,0.001167802,-1.907240821,6.646222674,12.77678281,COMPLETE
397,162.8,40:03.9,41:29.0,0 days 00:01:25.142358,6.05E-06,0.001032307,-2.028564193,6.371125017,13.18522639,COMPLETE
398,132.44,41:29.0,42:54.0,0 days 00:01:24.926142,7.33E-05,0.001262848,-2.044715441,6.402609833,13.060194,COMPLETE
399,109.76,42:54.0,44:18.5,0 days 00:01:24.551453,6.71E-06,0.00114724,-1.925991741,6.469274999,13.18341256,COMPLETE
400,134.72,44:18.5,45:43.6,0 days 00:01:25.062154,5.09E-06,0.001013412,-2.024694542,7.057879188,13.81969234,COMPLETE
401,148.78,45:43.6,47:07.3,0 days 00:01:23.742573,5.93E-06,0.001081414,-1.872414876,6.24962294,20.72396524,COMPLETE
402,137.34,47:07.3,48:32.5,0 days 00:01:25.172833,5.23E-06,0.001099158,-1.972095389,6.219047349,12.84952008,COMPLETE
404,122.44,26:04.4,27:21.1,0 days 00:01:16.715395,6.58E-05,0.001083303,-1.848032981,6.619151593,13.52475157,COMPLETE
405,131.56,27:21.1,28:39.0,0 days 00:01:17.880590,5.55E-06,0.001034082,-1.903110916,6.498961919,12.27620971,COMPLETE