number,value,datetime_start,datetime_complete,duration,params_COS_PENALTY_SCALE,params_ENT_COEF,params_LEARNING_RATE,params_REWARD_HIDDEN_BONUS,state
119,0.0,2026-02-10 19:13:46.726855,2026-02-10 19:13:54.939083,0 days 00:00:08.212228,3.3456676847154023,0.0018147836614538888,5.02314065809431e-05,1.0468085549073143,COMPLETE
120,0.0,2026-02-10 19:13:54.943575,2026-02-10 19:14:03.219720,0 days 00:00:08.276145,1.5249700553395529,0.00115953765455943,6.529021849489283e-05,0.9475886564823086,COMPLETE
121,0.0,2026-02-10 19:14:03.224553,2026-02-10 19:14:11.222236,0 days 00:00:07.997683,1.642632017696401,0.0004555017029606411,6.006016891349946e-05,0.7082000286192605,COMPLETE
122,0.0,2026-02-10 19:14:11.227443,2026-02-10 19:14:19.422783,0 days 00:00:08.195340,2.1768550857048865,0.00032795686298784364,0.00041165086803349936,0.7453297241493249,COMPLETE
123,0.0,2026-02-10 19:14:19.426850,2026-02-10 19:14:27.485106,0 days 00:00:08.058256,1.140753222748357,0.00344566743243468,0.00013422961977784873,0.1528378417032309,COMPLETE
124,0.0,2026-02-10 19:14:27.491484,2026-02-10 19:14:35.867772,0 days 00:00:08.376288,1.7798623574315404,0.003967603533749242,6.89001986282859e-05,0.18719344142946628,COMPLETE
125,0.0,2026-02-10 19:14:35.871817,2026-02-10 19:14:44.143339,0 days 00:00:08.271522,0.9846553979260523,0.004294919389596722,8.508135924007185e-05,0.2874789179827507,COMPLETE
126,0.0,2026-02-10 19:14:44.148396,2026-02-10 19:14:52.035503,0 days 00:00:07.887107,1.3963714943816938,0.0008329123738967431,5.3751463623028593e-05,0.1111304183240511,COMPLETE
127,0.0,2026-02-10 19:14:52.040316,2026-02-10 19:15:00.351291,0 days 00:00:08.310975,1.0364106479044226,0.0030214786952788013,7.318746386386605e-05,0.40569202473656,COMPLETE
128,0.0,2026-02-10 19:15:00.355984,2026-02-10 19:15:08.520079,0 days 00:00:08.164095,1.4922302513941959,0.0004775216981178025,6.320918017562646e-05,1.5997958658414118,COMPLETE
129,0.0,2026-02-10 19:15:08.524635,2026-02-10 19:15:16.811661,0 days 00:00:08.287026,0.5204147974583461,0.0005535318183625406,5.7206999768021064e-05,0.663921822624602,COMPLETE
130,0.0,2026-02-10 19:15:16.819646,2026-02-10 19:15:25.077195,0 days 00:00:08.257549,1.3278474286104636,0.00012514449185098168,7.819031690821179e-05,0.22419948882375632,COMPLETE
131,0.0,2026-02-10 19:15:25.081855,2026-02-10 19:15:33.259515,0 days 00:00:08.177660,0.7956296324325787,0.0002502692040223904,5.0071855585685615e-05,0.34536194719287416,COMPLETE
132,0.0,2026-02-10 19:15:33.265348,2026-02-10 19:15:41.428388,0 days 00:00:08.163040,2.0094545577660643,0.0003899576534195864,6.753296867957574e-05,0.7756120677044193,COMPLETE
133,0.0,2026-02-10 19:15:41.432761,2026-02-10 19:15:49.827198,0 days 00:00:08.394437,1.1888611225814012,0.0026997979796281675,9.144866983046464e-05,0.15570151818349065,COMPLETE
134,0.0,2026-02-10 19:15:49.832015,2026-02-10 19:15:58.189174,0 days 00:00:08.357159,0.6889492101011383,0.0031481048733283347,5.266752149518061e-05,0.27466822508805566,COMPLETE
135,0.0,2026-02-10 19:15:58.193543,2026-02-10 19:16:06.780334,0 days 00:00:08.586791,1.0811499647516072,0.004060574801347164,7.45579640522823e-05,0.10142364732344064,COMPLETE
136,0.0,2026-02-10 19:16:06.784997,2026-02-10 19:16:15.234032,0 days 00:00:08.449035,0.9471745671281698,0.003658888433052917,8.269229220644432e-05,0.20521843901881706,COMPLETE
137,0.0,2026-02-10 19:16:15.238238,2026-02-10 19:16:24.397757,0 days 00:00:09.159519,0.8946527650218944,0.002044276246703379,0.00010741248623733286,0.1801236682562508,COMPLETE
138,0.0,2026-02-10 19:16:24.401720,2026-02-10 19:16:32.563865,0 days 00:00:08.162145,2.310104537099188,0.002896799597628843,5.945354064259924e-05,0.24786686909292632,COMPLETE
139,0.0,2026-02-10 19:16:32.568370,2026-02-10 19:16:41.165125,0 days 00:00:08.596755,0.6918588209657599,0.0010695030613737239,5.54922492546165e-05,0.8805790388317883,COMPLETE
140,0.0,2026-02-10 19:16:41.168869,2026-02-10 19:16:49.672320,0 days 00:00:08.503451,2.0834871184624824,0.004485726775657116,6.293204157350493e-05,0.1455646851309399,COMPLETE
