number,value,datetime_start,datetime_complete,duration,params_COS_PENALTY_SCALE,params_ENT_COEF,params_LEARNING_RATE,params_REWARD_HIDDEN_BONUS,state
0,240.04000000000002,2026-02-10 15:29:27.482276,2026-02-10 15:31:18.331797,0 days 00:01:50.849521,3.616775698499007,0.0005986769894195455,0.0001782984022901474,0.9407866923054153,COMPLETE
1,239.68,2026-02-10 15:31:18.336780,2026-02-10 15:33:07.508117,0 days 00:01:49.171337,4.843644534458737,0.004933802177468577,0.00010541512628674043,1.1564374752919864,COMPLETE
2,243.72000000000003,2026-02-10 15:33:07.511510,2026-02-10 15:35:19.735203,0 days 00:02:12.223693,1.8461393361139058,0.0002487368511884159,9.557995718075153e-05,0.7668883284814004,COMPLETE
3,,2026-02-10 15:35:19.739074,2026-02-10 15:36:04.375071,0 days 00:00:44.635997,2.658517699268558,0.00018930330952756757,9.002838719799755e-05,0.8784303385300234,FAIL
4,226.56,2026-02-10 15:36:13.064669,2026-02-10 15:37:43.228524,0 days 00:01:30.163855,2.904706219980334,0.00029825999066050165,0.0003518647505560298,1.5669131850020501,COMPLETE
5,237.32000000000002,2026-02-10 15:37:43.235229,2026-02-10 15:39:12.633599,0 days 00:01:29.398370,2.207489071887697,0.0008050988220550519,5.661469178508511e-05,1.0841986281514118,COMPLETE
6,237.64000000000001,2026-02-10 15:39:12.636959,2026-02-10 15:40:46.360223,0 days 00:01:33.723264,4.117801844573864,0.0002246108705947284,9.597575044006103e-05,1.4570656743082437,COMPLETE
7,244.42,2026-02-10 15:40:46.363994,2026-02-10 15:42:17.483967,0 days 00:01:31.119973,2.8564015798989253,0.00016968386691041748,0.00024314543672524357,1.229512243288924,COMPLETE
8,234.16,2026-02-10 15:42:17.488686,2026-02-10 15:43:47.640578,0 days 00:01:30.151892,2.4023168488247264,0.00021679808260299325,8.305638780610456e-05,0.3289648500971037,COMPLETE
9,237.4,2026-02-10 15:43:47.643728,2026-02-10 15:45:17.285288,0 days 00:01:29.641560,4.170794946370103,0.000102922512128396,0.00025324888500690774,1.466444240498587,COMPLETE
10,246.13999999999996,2026-02-10 15:45:17.288916,2026-02-10 15:46:44.135487,0 days 00:01:26.846571,2.4380808377507535,0.002442394749865704,0.00011900813976068212,1.5660837484096457,COMPLETE
11,225.6,2026-02-10 15:46:44.139408,2026-02-10 15:48:10.983255,0 days 00:01:26.843847,0.5519978362074074,0.0032702817226848285,0.0001475776858138467,1.8555786714414029,COMPLETE
12,240.28000000000003,2026-02-10 15:48:10.986420,2026-02-10 15:49:37.857656,0 days 00:01:26.871236,1.6138716774407424,0.0017448003174185959,0.00045571047909254907,1.9124866711388053,COMPLETE
13,233.1,2026-02-10 15:49:37.861126,2026-02-10 15:51:05.128263,0 days 00:01:27.267137,2.98375727107622,0.001636403550698415,0.00020664094677980233,0.599879880504185,COMPLETE
14,236.2,2026-02-10 15:51:05.131454,2026-02-10 15:52:32.531060,0 days 00:01:27.399606,1.2084675013761443,0.00010171555973064436,0.00029179899272470063,1.3565090659059074,COMPLETE
15,241.9,2026-02-10 15:52:32.534323,2026-02-10 15:53:59.562854,0 days 00:01:27.028531,3.389902862359092,0.0007215719231973613,0.00014798956761455462,1.7605271167713343,COMPLETE
16,245.71999999999997,2026-02-10 15:53:59.566360,2026-02-10 15:55:27.188439,0 days 00:01:27.622079,2.571330893671943,0.0015335398568120714,5.014117454204572e-05,1.2232369965817165,COMPLETE
17,239.21999999999997,2026-02-10 15:55:27.191820,2026-02-10 15:56:54.665732,0 days 00:01:27.473912,2.2865639539292193,0.001849479782892166,6.734381843082441e-05,1.6828820463316976,COMPLETE
18,246.34,2026-02-10 15:56:54.669459,2026-02-10 15:58:21.730836,0 days 00:01:27.061377,1.1937233554755835,0.0010905769590983756,5.280827200823041e-05,0.8417925696228481,COMPLETE
19,248.45999999999998,2026-02-10 15:58:21.734945,2026-02-10 15:59:49.320430,0 days 00:01:27.585485,0.9517051891809651,0.0028401358324070727,7.328339233718316e-05,0.23206289000847036,COMPLETE
20,250.24,2026-02-10 15:59:49.324126,2026-02-10 16:01:16.192138,0 days 00:01:26.868012,0.5384444643462218,0.0011224505304053326,6.708187432504391e-05,0.10407306151493914,COMPLETE
21,237.35999999999999,2026-02-10 16:01:16.195729,2026-02-10 16:02:43.767271,0 days 00:01:27.571542,0.5216751608016641,0.00041196585438292474,6.872041457183196e-05,0.13616968415442338,COMPLETE
22,237.3,2026-02-10 16:02:43.770476,2026-02-10 16:04:11.101121,0 days 00:01:27.330645,1.0715597597552595,0.0010460670969290702,6.652979192435968e-05,0.4231356713063039,COMPLETE
23,232.95999999999998,2026-02-10 16:04:11.104588,2026-02-10 16:05:38.697292,0 days 00:01:27.592704,1.038298820197358,0.0011205584869788934,7.913130036495053e-05,0.10912239969115119,COMPLETE
24,253.38000000000002,2026-02-10 16:05:38.700456,2026-02-10 16:07:18.728990,0 days 00:01:40.028534,1.4811008453526253,0.003079052414206469,5.214147385590957e-05,0.282425644026407,COMPLETE
25,255.96000000000004,2026-02-10 16:07:18.732397,2026-02-10 16:08:45.277863,0 days 00:01:26.545466,1.6238344223411487,0.003690963033502363,6.0790402139100515e-05,0.34146339323685104,COMPLETE
26,235.2,2026-02-10 16:08:45.281889,2026-02-10 16:10:12.543202,0 days 00:01:27.261313,1.5695904982027715,0.004531617920539064,5.8942376502479034e-05,0.4735462846165258,COMPLETE
27,238.42000000000002,2026-02-10 16:10:12.546571,2026-02-10 16:11:39.353585,0 days 00:01:26.807014,1.8551806366064998,0.003564775842300956,0.00011704095627725876,0.630985553378246,COMPLETE
28,241.51999999999998,2026-02-10 16:11:39.356896,2026-02-10 16:13:06.714778,0 days 00:01:27.357882,1.4996551536325675,0.002404720478625636,6.041173656497213e-05,0.2870378146679641,COMPLETE
29,246.34,2026-02-10 16:13:06.717981,2026-02-10 16:14:34.292121,0 days 00:01:27.574140,0.7569445433051074,0.0038459488488901596,8.370693104370551e-05,0.5224378746552475,COMPLETE
30,248.98000000000002,2026-02-10 16:14:34.295930,2026-02-10 16:16:02.531252,0 days 00:01:28.235322,1.957628666221731,0.0005294909556319015,5.0072317582044644e-05,0.7447672523797667,COMPLETE
31,232.08,2026-02-10 16:16:02.534923,2026-02-10 16:17:30.145137,0 days 00:01:27.610214,1.4049084728405556,0.002264828471720589,0.00017516985320795524,0.3765813285311854,COMPLETE
32,235.84,2026-02-10 16:17:30.148410,2026-02-10 16:18:57.948515,0 days 00:01:27.800105,1.8508230722369343,0.000488834462102714,5.04286269270746e-05,0.7262225807077998,COMPLETE
33,249.48000000000002,2026-02-10 16:18:57.952030,2026-02-10 16:20:25.552630,0 days 00:01:27.600600,2.0747210686386017,0.0005630796942524756,6.187946554484448e-05,0.19861344549168952,COMPLETE
34,236.5,2026-02-10 16:25:02.689811,2026-02-10 16:26:40.257564,0 days 00:01:37.567753,2.034655213863094,0.00038507501055506547,6.17207478801675e-05,0.2056144307179549,COMPLETE
35,238.6,2026-02-10 16:26:40.264553,2026-02-10 16:28:10.449348,0 days 00:01:30.184795,0.8030268857670553,0.0008669966521827315,9.592258323074909e-05,0.9369200024572935,COMPLETE
36,234.4,2026-02-10 16:28:10.452585,2026-02-10 16:29:43.702497,0 days 00:01:33.249912,1.2962790749116588,0.0006255934022977403,7.447009935174373e-05,0.19699782132411814,COMPLETE
37,234.74,2026-02-10 16:29:43.706401,2026-02-10 16:31:17.935815,0 days 00:01:34.229414,1.6219357189115546,0.004743502156402699,0.00011475614032277793,0.33505956583128643,COMPLETE
38,228.64000000000001,2026-02-10 16:31:17.939205,2026-02-10 16:32:50.367140,0 days 00:01:32.427935,3.1243927296768064,0.0013478089015779573,8.763631177836269e-05,0.5742963804065174,COMPLETE
39,238.26,2026-02-10 16:32:50.370425,2026-02-10 16:34:21.177819,0 days 00:01:30.807394,2.11966459244026,0.00034777612436692567,5.8100303166385885e-05,0.1019181309526774,COMPLETE
40,,2026-02-10 16:34:21.181312,2026-02-10 16:35:27.099171,0 days 00:01:05.917859,0.8430060141868845,0.003020399978888993,0.0001016320309861015,0.4423939091669623,FAIL
41,240.0,2026-02-10 17:38:50.212823,2026-02-10 17:40:11.979933,0 days 00:01:21.767110,4.9606534531350785,0.002978180431261085,0.00010546289443616926,0.44916973004147714,COMPLETE
42,243.48000000000002,2026-02-10 17:40:11.984472,2026-02-10 17:41:33.557583,0 days 00:01:21.573111,2.750992802621803,0.000900576590311724,6.760727024645262e-05,0.2856501859353943,COMPLETE
43,248.54000000000002,2026-02-10 17:41:33.560970,2026-02-10 17:42:58.061437,0 days 00:01:24.500467,1.97477110617703,0.00048743956561559103,5.495205943662394e-05,0.7540775493773383,COMPLETE
44,237.03999999999996,2026-02-10 17:42:58.065159,2026-02-10 17:44:28.934104,0 days 00:01:30.868945,1.738307180430311,0.0005336932724061537,5.925329459224169e-05,1.0083564209051914,COMPLETE
45,248.2,2026-02-10 17:44:28.937356,2026-02-10 17:46:00.802598,0 days 00:01:31.865242,2.47601231865457,0.00028551492889340637,6.359308940287017e-05,0.3851508350118213,COMPLETE
46,244.85999999999999,2026-02-10 17:46:00.806244,2026-02-10 17:47:32.291998,0 days 00:01:31.485754,2.173484919474517,0.0006098378238459373,7.577558472084264e-05,0.6550405108496414,COMPLETE
47,242.5,2026-02-10 17:47:32.295490,2026-02-10 17:48:55.693387,0 days 00:01:23.397897,4.559850948666536,0.0007103407903038147,5.566318410869593e-05,0.1906216287483177,COMPLETE
48,234.3,2026-02-10 17:48:55.696524,2026-02-10 17:50:21.380049,0 days 00:01:25.683525,0.7633382509102711,0.001992683118162738,5.0359612041358895e-05,0.521554353185846,COMPLETE
49,240.1,2026-02-10 17:50:21.383052,2026-02-10 17:51:46.045971,0 days 00:01:24.662919,2.5835789150631627,0.00020344917642259148,8.91926935835141e-05,0.2758895685226656,COMPLETE
50,237.42000000000002,2026-02-10 17:51:46.048843,2026-02-10 17:53:09.099809,0 days 00:01:23.050966,1.4043647572699154,0.003999370807608963,7.218863809857735e-05,0.9179272083596366,COMPLETE
51,234.38000000000002,2026-02-10 17:53:09.102786,2026-02-10 17:54:32.166714,0 days 00:01:23.063928,2.304883026126919,0.0013995371458246134,0.00036345578713490077,0.3355727744169871,COMPLETE
52,243.64000000000001,2026-02-10 17:54:32.169778,2026-02-10 17:55:54.831391,0 days 00:01:22.661613,1.6891173093452314,0.00030298062234963147,6.420262246503617e-05,0.1797084812159085,COMPLETE
53,238.34,2026-02-10 17:55:54.834494,2026-02-10 17:57:24.488073,0 days 00:01:29.653579,1.9251122913013086,0.0005310083979340139,5.556122020103376e-05,1.1123653824095847,COMPLETE
54,251.76,2026-02-10 17:57:24.491037,2026-02-10 17:58:47.755419,0 days 00:01:23.264382,2.0301138224279476,0.00045090805452201204,5.4267032423299425e-05,0.7820158966027657,COMPLETE
55,229.4,2026-02-10 17:58:47.758672,2026-02-10 18:00:10.723813,0 days 00:01:22.965141,3.8182103918599677,0.000433785415027105,5.4017062434864477e-05,0.8609778771026652,COMPLETE
56,249.34,2026-02-10 18:00:10.726864,2026-02-10 18:01:33.588945,0 days 00:01:22.862081,2.2313149436877806,0.0007744268090985608,5.0105325850100485e-05,0.7121997063797066,COMPLETE
57,243.56,2026-02-10 18:01:33.592546,2026-02-10 18:02:56.637937,0 days 00:01:23.045391,2.649872486628289,0.0007614813398591702,6.291212975593295e-05,1.043667692009345,COMPLETE
58,244.84,2026-02-10 18:02:56.641028,2026-02-10 18:04:24.596271,0 days 00:01:27.955243,2.3368949856208716,0.00015532213089871925,8.022253868915546e-05,0.6842507607818022,COMPLETE
59,247.4,2026-02-10 18:04:24.599630,2026-02-10 18:05:48.831056,0 days 00:01:24.231426,2.8882124258235278,0.0009795754049847303,0.00013399759648179008,0.5454768348101725,COMPLETE
60,244.64000000000001,2026-02-10 18:05:48.834068,2026-02-10 18:07:11.803612,0 days 00:01:22.969544,1.7540635727192102,0.0030671733650940174,7.133342603998739e-05,0.8512805143695386,COMPLETE
61,239.24,2026-02-10 18:07:11.806769,2026-02-10 18:08:35.602742,0 days 00:01:23.795973,1.2301386953740747,0.0026229993736206596,5.709322385888793e-05,0.4739086197390607,COMPLETE
62,247.08,2026-02-10 18:08:35.606101,2026-02-10 18:09:58.956516,0 days 00:01:23.350415,2.126232944621923,0.0006518005285225488,0.00021766473041314244,0.4029984332192951,COMPLETE
63,235.53999999999996,2026-02-10 18:09:58.959578,2026-02-10 18:11:22.857179,0 days 00:01:23.897601,2.0184339527579844,0.0012551477839290494,5.059965388400971e-05,1.2943777108189587,COMPLETE
64,241.5,2026-02-10 18:11:22.860412,2026-02-10 18:12:46.840369,0 days 00:01:23.979957,1.486922074550916,0.00035692952916677054,5.315811285312078e-05,0.26450136047101924,COMPLETE
65,237.51999999999998,2026-02-10 18:12:46.844011,2026-02-10 18:14:14.704668,0 days 00:01:27.860657,2.4663944308882275,0.0008434989732050362,6.588810968114617e-05,0.7881683768526828,COMPLETE
66,241.6,2026-02-10 18:14:14.707999,2026-02-10 18:15:40.322773,0 days 00:01:25.614774,0.9374519936121779,0.0005479467331817924,5.954537578604772e-05,0.137553981622299,COMPLETE
67,245.94,2026-02-10 18:15:40.327634,2026-02-10 18:17:11.034048,0 days 00:01:30.706414,2.2220073655779813,0.00046333225136695324,5.048312891367261e-05,0.6879380685028705,COMPLETE
68,235.44,2026-02-10 18:17:11.037561,2026-02-10 18:18:36.885914,0 days 00:01:25.848353,1.8823578343557812,0.00346094766910772,6.848625863184486e-05,0.9824641339038745,COMPLETE
69,241.84,2026-02-10 18:18:36.889310,2026-02-10 18:20:03.034836,0 days 00:01:26.145526,3.0934564656547945,0.000703295051192996,6.093475599766574e-05,0.33413522915353505,COMPLETE
70,238.85999999999999,2026-02-10 18:20:03.051747,2026-02-10 18:21:26.859888,0 days 00:01:23.808141,0.6138837382942016,0.0004009395503964082,5.529079484265368e-05,1.184080296334194,COMPLETE
71,237.0,2026-02-10 18:21:26.863202,2026-02-10 18:22:51.634506,0 days 00:01:24.771304,1.329375078772802,0.0019744925243620334,7.541044010710804e-05,0.8113821792692171,COMPLETE
72,248.48000000000002,2026-02-10 18:22:51.637965,2026-02-10 18:24:16.058354,0 days 00:01:24.420389,1.114822395226232,0.004139587694031583,8.760155884317278e-05,0.14671300134005857,COMPLETE
73,246.76,2026-02-10 18:24:16.061522,2026-02-10 18:25:40.174303,0 days 00:01:24.112781,1.567600955538512,0.0004968612249542902,5.49459614468543e-05,0.7456218781337605,COMPLETE
74,242.61999999999998,2026-02-10 18:25:40.177610,2026-02-10 18:27:03.811437,0 days 00:01:23.633827,2.0236724691254926,0.0005604307771526811,5.320939464096369e-05,0.5898593117256922,COMPLETE
75,245.16,2026-02-10 18:27:03.815068,2026-02-10 18:28:28.249399,0 days 00:01:24.434331,1.7485307697385823,0.0003188255837955889,6.275917125650247e-05,0.7215718930770637,COMPLETE
76,234.51999999999998,2026-02-10 18:28:28.252748,2026-02-10 18:29:52.246722,0 days 00:01:23.993974,1.9108967106413057,0.00026895674845913564,5.927408258749582e-05,0.6246728512853186,COMPLETE
77,237.61999999999998,2026-02-10 18:29:52.249997,2026-02-10 18:31:16.728280,0 days 00:01:24.478283,2.0596960486196316,0.0006577398428391451,6.877463257431268e-05,0.2308659520184043,COMPLETE
78,238.04000000000002,2026-02-10 18:31:16.731592,2026-02-10 18:32:41.089779,0 days 00:01:24.358187,2.268281657254586,0.00044710222364465873,5.0060119435953666e-05,0.490418170425766,COMPLETE
79,253.68,2026-02-10 18:32:41.093175,2026-02-10 18:34:06.010058,0 days 00:01:24.916883,2.3999811322608426,0.0003769927711357633,5.6472891996825955e-05,0.896374788880163,COMPLETE
80,248.1,2026-02-10 18:34:06.013348,2026-02-10 18:35:33.280420,0 days 00:01:27.267072,2.667216727285699,0.0009671729949318991,5.688140345748519e-05,0.9189360942737392,COMPLETE
81,232.6,2026-02-10 18:35:33.283579,2026-02-10 18:36:58.045747,0 days 00:01:24.762168,2.4268891449886714,0.00036579831962734973,6.42477465365698e-05,0.88697733658087,COMPLETE
82,236.02000000000004,2026-02-10 18:36:58.049001,2026-02-10 18:38:22.521115,0 days 00:01:24.472114,2.8050810765103096,0.00022174865112616868,0.00017307543261731891,0.99066803937419,COMPLETE
83,245.3,2026-02-10 18:38:22.524601,2026-02-10 18:39:47.389088,0 days 00:01:24.864487,1.9567980066352795,0.0005801887515216234,5.272619709768657e-05,0.7915308847106304,COMPLETE
84,228.51999999999998,2026-02-10 18:39:47.392224,2026-02-10 18:41:11.656399,0 days 00:01:24.264175,1.8288299178294791,0.0004726314077918597,5.7730487464336e-05,1.1026685218514027,COMPLETE
85,246.56,2026-02-10 18:41:11.659761,2026-02-10 18:42:35.636766,0 days 00:01:23.977005,2.162658324197815,0.0007785029162271723,5.412313239137432e-05,0.76916392351614,COMPLETE
86,237.97999999999996,2026-02-10 18:42:35.640536,2026-02-10 18:44:00.038915,0 days 00:01:24.398379,1.6719354965169428,0.00032048185780982654,6.197710912141253e-05,0.677658838725666,COMPLETE
87,253.21999999999997,2026-02-10 18:44:00.042141,2026-02-10 18:45:24.651561,0 days 00:01:24.609420,2.368683626026148,0.0012170859912031123,7.012737686778474e-05,0.237410736832601,COMPLETE
88,246.82,2026-02-10 18:45:24.655083,2026-02-10 18:46:50.192755,0 days 00:01:25.537672,2.369343409367289,0.0016263356696978157,7.990231585593953e-05,1.9982765910195204,COMPLETE
89,238.6,2026-02-10 18:46:50.195885,2026-02-10 18:48:15.491435,0 days 00:01:25.295550,2.6385237655154983,0.001164086330764456,0.00010049834406694571,0.257336883366398,COMPLETE
90,229.63999999999996,2026-02-10 18:48:15.494671,2026-02-10 18:49:39.940668,0 days 00:01:24.445997,2.2358266462488596,0.0022683919187517876,6.758553623786128e-05,0.36246133989494567,COMPLETE
91,232.76,2026-02-10 18:56:22.642242,2026-02-10 18:57:46.644968,0 days 00:01:24.002726,2.537506698875881,0.0014353725551593647,0.00046974087640541396,0.1712774283688911,COMPLETE
92,250.61999999999998,2026-02-10 18:57:46.649469,2026-02-10 18:59:10.943468,0 days 00:01:24.293999,1.5105957405740986,0.0009281070520708138,7.075547552705326e-05,0.10274821576277529,COMPLETE
93,237.23999999999995,2026-02-10 18:59:10.947261,2026-02-10 19:00:34.947302,0 days 00:01:24.000041,1.4559171668431243,0.0009579462130870397,7.084930768570086e-05,0.23349657700260112,COMPLETE
94,249.64000000000001,2026-02-10 19:00:34.950537,2026-02-10 19:02:02.658358,0 days 00:01:27.707821,1.5634237227385954,0.0010785312142345788,7.543459354620289e-05,0.11758160484870189,COMPLETE
95,239.7,2026-02-10 19:02:02.661563,2026-02-10 19:03:28.392667,0 days 00:01:25.731104,1.3302675955176138,0.0012175502826186427,7.682263346970343e-05,0.11500602767729619,COMPLETE
96,222.26,2026-02-10 19:03:28.395813,2026-02-10 19:04:54.198694,0 days 00:01:25.802881,0.8791853273581329,0.0010900348748684417,8.523528097484053e-05,0.30476871542712053,COMPLETE
97,243.1,2026-02-10 19:04:54.202196,2026-02-10 19:06:20.284720,0 days 00:01:26.082524,1.1223809317008218,0.0008801896487469624,7.152308543523574e-05,0.10014254250642446,COMPLETE
98,237.94,2026-02-10 19:06:20.287988,2026-02-10 19:07:53.173047,0 days 00:01:32.885059,1.543593510039978,0.0010051835692864383,6.614815977631818e-05,0.21131090095455857,COMPLETE
99,241.14000000000001,2026-02-10 19:07:53.176757,2026-02-10 19:09:21.977049,0 days 00:01:28.800292,1.789093458346611,0.004923720922199065,8.098645216868842e-05,0.15766146362276134,COMPLETE
100,239.11999999999998,2026-02-10 19:09:21.980479,2026-02-10 19:11:15.357654,0 days 00:01:53.377175,0.6391888458053359,0.0013001179357649652,5.8831943874779435e-05,0.436284308604244,COMPLETE
101,0.0,2026-02-10 19:11:15.361247,2026-02-10 19:11:24.438756,0 days 00:00:09.077509,1.6043853539885793,0.0008163031582800232,9.142008548539292e-05,0.2998373541779934,COMPLETE
102,0.0,2026-02-10 19:11:24.443175,2026-02-10 19:11:33.193874,0 days 00:00:08.750699,1.2505746628302012,0.0007022802785387191,0.0002902442267560024,0.1908978869192699,COMPLETE
103,0.0,2026-02-10 19:11:33.198459,2026-02-10 19:11:42.137641,0 days 00:00:08.939182,2.3431835887146883,0.00040929791150448423,5.211860415734174e-05,0.15385368394608712,COMPLETE
104,0.0,2026-02-10 19:11:42.141749,2026-02-10 19:11:50.382950,0 days 00:00:08.241201,2.105738481858633,0.0005959581059153669,6.1409528338342e-05,0.36990803231078884,COMPLETE
105,0.0,2026-02-10 19:11:50.386872,2026-02-10 19:11:58.902023,0 days 00:00:08.515151,1.6698746495078771,0.004414951981367365,5.735734234479074e-05,0.26060589442373194,COMPLETE
106,0.0,2026-02-10 19:11:58.905908,2026-02-10 19:12:07.495131,0 days 00:00:08.589223,1.8378226496401662,0.0015053657132576372,6.407796896617249e-05,0.2286698767287706,COMPLETE
107,0.0,2026-02-10 19:12:07.498949,2026-02-10 19:12:15.824800,0 days 00:00:08.325851,1.3947426234776836,0.0005187540536668033,5.2670536427901504e-05,0.31421838214121933,COMPLETE
108,0.0,2026-02-10 19:12:15.829973,2026-02-10 19:12:24.351993,0 days 00:00:08.522020,2.1837401990706793,0.0037526902459913405,5.6008077630273354e-05,0.18520598280273054,COMPLETE
109,0.0,2026-02-10 19:12:24.355939,2026-02-10 19:12:32.501333,0 days 00:00:08.145394,2.9789537935115087,0.0032626159829518414,7.66758584840736e-05,0.8179453587367037,COMPLETE
110,0.0,2026-02-10 19:12:32.505583,2026-02-10 19:12:40.723019,0 days 00:00:08.217436,1.9966913705394667,0.0007517981693330124,6.0080928561716485e-05,0.12200058369477648,COMPLETE
111,0.0,2026-02-10 19:12:40.726979,2026-02-10 19:12:48.887328,0 days 00:00:08.160349,2.5262834595019057,0.0009188552377074139,7.018827969891622e-05,0.5595887879039693,COMPLETE
112,0.0,2026-02-10 19:12:48.892006,2026-02-10 19:12:57.000651,0 days 00:00:08.108645,2.092987526589238,0.0010384994662346137,7.311612645294471e-05,0.8854018444336605,COMPLETE
113,0.0,2026-02-10 19:12:57.005719,2026-02-10 19:13:05.046166,0 days 00:00:08.040447,1.9842898035190533,0.0006680245170783523,6.556561385315402e-05,0.7272241113069061,COMPLETE
114,0.0,2026-02-10 19:13:05.050630,2026-02-10 19:13:13.287963,0 days 00:00:08.237333,1.8958212931870544,0.002734808496803824,5.195551853105778e-05,0.6215142158500407,COMPLETE
115,0.0,2026-02-10 19:13:13.292245,2026-02-10 19:13:21.315257,0 days 00:00:08.023012,2.409131168394393,0.0004243646384147895,5.5580860312924036e-05,1.4107757831856627,COMPLETE
116,0.0,2026-02-10 19:13:21.319472,2026-02-10 19:13:29.949042,0 days 00:00:08.629570,1.7399026989852846,0.0005026024168501062,6.15815770132785e-05,0.8382146943549815,COMPLETE
117,0.0,2026-02-10 19:13:29.954784,2026-02-10 19:13:38.632272,0 days 00:00:08.677488,2.269081911948376,0.0003780734260490892,5.774167695814841e-05,0.14234592608080376,COMPLETE
118,0.0,2026-02-10 19:13:38.636574,2026-02-10 19:13:46.722255,0 days 00:00:08.085681,1.9407691978975945,0.0006203458705098238,5.475990926582301e-05,0.2390718117175202,COMPLETE
